2026-05-29 15:08:31,616 - INFO - Script de AutoHotkey para guardar creado automáticamente
2026-05-29 15:08:31,618 - INFO - Iniciando AHK desde: AutoHotkey_1.1.37.02/AutoHotkeyU64.exe
2026-05-29 15:08:34,654 - INFO - AutoHotkey iniciado correctamente
2026-05-29 15:08:34,973 - INFO - ============================================================
2026-05-29 15:08:34,973 - INFO - INICIANDO PROGRAMA 1 - PROCESADOR CSV
2026-05-29 15:08:34,973 - INFO - ============================================================
2026-05-29 15:08:35,485 - INFO - CSV cargado correctamente: 110 registros
2026-05-29 15:08:35,493 - INFO - CSV cargado correctamente: 110 registros
2026-05-29 15:08:35,494 - INFO - Iniciando procesos AHK...
2026-05-29 15:08:36,520 - INFO - Script de AutoHotkey creado automáticamente
2026-05-29 15:08:38,593 - INFO - AutoHotkey iniciado correctamente
2026-05-29 15:08:38,605 - INFO - Script de AutoHotkey (writer) creado automáticamente
2026-05-29 15:08:41,636 - INFO - AutoHotkey (writer) iniciado correctamente
2026-05-29 15:08:41,646 - INFO - Script de AutoHotkey (click down) creado automáticamente
2026-05-29 15:08:43,674 - INFO - AutoHotkey (click down) iniciado correctamente
2026-05-29 15:08:43,703 - INFO - Script de AutoHotkey creado automáticamente
2026-05-29 15:08:44,720 - INFO - AutoHotkey iniciado correctamente
2026-05-29 15:08:44,721 - INFO - Iniciando procesamiento de registro...
2026-05-29 15:08:44,722 - INFO - Paso 1: Click en (83, 266)
2026-05-29 15:08:45,636 - INFO - Paso 2: Presionando ENTER
2026-05-29 15:08:45,640 - INFO - Comando enviado a AHK: Presionar Enter 1 veces
2026-05-29 15:08:45,641 - INFO - Paso 2.1: Click en (168, 188)
2026-05-29 15:08:46,557 - INFO - Paso 3: Obteniendo ID con AHKManager en (1483, 519)
2026-05-29 15:08:46,568 - INFO - Comando enviado a AHK: 1483,519
2026-05-29 15:08:56,602 - ERROR - Timeout esperando respuesta de AHK
2026-05-29 15:08:56,603 - ERROR - No se pudo obtener el ID
2026-05-29 15:08:56,604 - ERROR - Procesamiento falló
2026-05-29 15:08:56,605 - INFO - Deteniendo procesos AHK...
2026-05-29 15:08:56,632 - INFO - AutoHotkey detenido correctamente
2026-05-29 15:08:56,654 - INFO - AutoHotkey (writer) detenido correctamente
2026-05-29 15:08:56,670 - INFO - AutoHotkey (click down) detenido correctamente
2026-05-29 15:08:56,684 - INFO - AutoHotkey detenido correctamente
2026-05-29 15:08:57,685 - ERROR - ❌ Programa 1 falló o no encontró ID
2026-05-29 15:08:57,690 - INFO - ============================================================
2026-05-29 15:08:57,691 - INFO - INICIANDO PROGRAMA 1 - PROCESADOR CSV
2026-05-29 15:08:57,691 - INFO - ============================================================
2026-05-29 15:08:58,203 - INFO - CSV cargado correctamente: 110 registros
2026-05-29 15:08:58,214 - INFO - CSV cargado correctamente: 110 registros
2026-05-29 15:08:58,215 - INFO - Iniciando procesos AHK...
2026-05-29 15:09:01,243 - INFO - AutoHotkey iniciado correctamente
2026-05-29 15:09:04,275 - INFO - AutoHotkey (writer) iniciado correctamente
2026-05-29 15:09:06,306 - INFO - AutoHotkey (click down) iniciado correctamente
2026-05-29 15:09:07,343 - INFO - AutoHotkey iniciado correctamente
2026-05-29 15:09:07,345 - INFO - Iniciando procesamiento de registro...
2026-05-29 15:09:07,346 - INFO - Paso 1: Click en (83, 266)
2026-05-29 15:09:08,257 - INFO - Paso 2: Presionando ENTER
2026-05-29 15:09:08,261 - INFO - Comando enviado a AHK: Presionar Enter 1 veces
2026-05-29 15:09:08,262 - INFO - Paso 2.1: Click en (168, 188)
2026-05-29 15:09:09,166 - INFO - Paso 3: Obteniendo ID con AHKManager en (1483, 519)
2026-05-29 15:09:09,174 - INFO - Comando enviado a AHK: 1483,519
2026-05-29 15:09:09,279 - INFO - Valor copiado: None
2026-05-29 15:09:09,280 - ERROR - No se pudo obtener el ID
2026-05-29 15:09:09,281 - ERROR - Procesamiento falló
2026-05-29 15:09:09,281 - INFO - Deteniendo procesos AHK...
2026-05-29 15:09:09,313 - INFO - AutoHotkey detenido correctamente
2026-05-29 15:09:09,325 - INFO - AutoHotkey (writer) detenido correctamente
2026-05-29 15:09:09,336 - INFO - AutoHotkey (click down) detenido correctamente
2026-05-29 15:09:09,358 - INFO - AutoHotkey detenido correctamente
2026-05-29 15:09:10,366 - ERROR - ❌ Programa 1 falló o no encontró ID
2026-05-29 15:09:10,376 - INFO - ============================================================
2026-05-29 15:09:10,376 - INFO - INICIANDO PROGRAMA 1 - PROCESADOR CSV
2026-05-29 15:09:10,377 - INFO - ============================================================
2026-05-29 15:09:10,888 - INFO - CSV cargado correctamente: 110 registros
2026-05-29 15:09:10,899 - INFO - CSV cargado correctamente: 110 registros
2026-05-29 15:09:10,900 - INFO - Iniciando procesos AHK...
2026-05-29 15:09:13,930 - INFO - AutoHotkey iniciado correctamente
2026-05-29 15:09:16,962 - INFO - AutoHotkey (writer) iniciado correctamente
2026-05-29 15:09:18,993 - INFO - AutoHotkey (click down) iniciado correctamente
2026-05-29 15:09:20,026 - INFO - AutoHotkey iniciado correctamente
2026-05-29 15:09:20,027 - INFO - Iniciando procesamiento de registro...
2026-05-29 15:09:20,028 - INFO - Paso 1: Click en (83, 266)
2026-05-29 15:09:20,940 - INFO - Paso 2: Presionando ENTER
2026-05-29 15:09:20,944 - INFO - Comando enviado a AHK: Presionar Enter 1 veces
2026-05-29 15:09:20,944 - INFO - Paso 2.1: Click en (168, 188)
2026-05-29 15:09:21,848 - INFO - Paso 3: Obteniendo ID con AHKManager en (1483, 519)
2026-05-29 15:09:21,855 - INFO - Comando enviado a AHK: 1483,519
2026-05-29 15:09:31,922 - ERROR - Timeout esperando respuesta de AHK
2026-05-29 15:09:31,923 - ERROR - No se pudo obtener el ID
2026-05-29 15:09:31,924 - ERROR - Procesamiento falló
2026-05-29 15:09:31,925 - INFO - Deteniendo procesos AHK...
2026-05-29 15:09:31,949 - INFO - AutoHotkey detenido correctamente
2026-05-29 15:09:31,963 - INFO - AutoHotkey (writer) detenido correctamente
2026-05-29 15:09:31,978 - INFO - AutoHotkey (click down) detenido correctamente
2026-05-29 15:09:32,003 - INFO - AutoHotkey detenido correctamente
2026-05-29 15:09:33,004 - ERROR - ❌ Programa 1 falló o no encontró ID
2026-05-29 15:09:33,035 - INFO - ============================================================
2026-05-29 15:09:33,035 - INFO - INICIANDO PROGRAMA 1 - PROCESADOR CSV
2026-05-29 15:09:33,036 - INFO - ============================================================
2026-05-29 15:09:33,541 - INFO - CSV cargado correctamente: 110 registros
2026-05-29 15:09:33,545 - INFO - CSV cargado correctamente: 110 registros
2026-05-29 15:09:33,545 - INFO - Iniciando procesos AHK...
2026-05-29 15:09:36,574 - INFO - AutoHotkey iniciado correctamente
2026-05-29 15:09:39,609 - INFO - AutoHotkey (writer) iniciado correctamente
2026-05-29 15:09:41,640 - INFO - AutoHotkey (click down) iniciado correctamente
2026-05-29 15:09:42,674 - INFO - AutoHotkey iniciado correctamente
2026-05-29 15:09:42,675 - INFO - Iniciando procesamiento de registro...
2026-05-29 15:09:42,676 - INFO - Paso 1: Click en (83, 266)
2026-05-29 15:09:43,592 - INFO - Paso 2: Presionando ENTER
2026-05-29 15:09:43,596 - INFO - Comando enviado a AHK: Presionar Enter 1 veces
2026-05-29 15:09:43,596 - INFO - Paso 2.1: Click en (168, 188)
2026-05-29 15:09:44,500 - INFO - Paso 3: Obteniendo ID con AHKManager en (1483, 519)
2026-05-29 15:09:44,507 - INFO - Comando enviado a AHK: 1483,519
2026-05-29 15:09:44,612 - INFO - Valor copiado: None
2026-05-29 15:09:44,613 - ERROR - No se pudo obtener el ID
2026-05-29 15:09:44,614 - ERROR - Procesamiento falló
2026-05-29 15:09:44,615 - INFO - Deteniendo procesos AHK...
2026-05-29 15:09:44,649 - INFO - AutoHotkey detenido correctamente
2026-05-29 15:09:44,669 - INFO - AutoHotkey (writer) detenido correctamente
2026-05-29 15:09:44,684 - INFO - AutoHotkey (click down) detenido correctamente
2026-05-29 15:09:44,697 - INFO - AutoHotkey detenido correctamente
2026-05-29 15:09:45,698 - ERROR - ❌ Programa 1 falló o no encontró ID
2026-05-29 15:09:45,728 - INFO - ============================================================
2026-05-29 15:09:45,729 - INFO - INICIANDO PROGRAMA 1 - PROCESADOR CSV
2026-05-29 15:09:45,729 - INFO - ============================================================
2026-05-29 15:09:46,241 - INFO - CSV cargado correctamente: 110 registros
2026-05-29 15:09:46,253 - INFO - CSV cargado correctamente: 110 registros
2026-05-29 15:09:46,254 - INFO - Iniciando procesos AHK...
2026-05-29 15:09:49,298 - INFO - AutoHotkey iniciado correctamente
2026-05-29 15:09:52,326 - INFO - AutoHotkey (writer) iniciado correctamente
2026-05-29 15:09:54,356 - INFO - AutoHotkey (click down) iniciado correctamente
2026-05-29 15:09:55,394 - INFO - AutoHotkey iniciado correctamente
2026-05-29 15:09:55,395 - INFO - Iniciando procesamiento de registro...
2026-05-29 15:09:55,396 - INFO - Paso 1: Click en (83, 266)
2026-05-29 15:09:56,307 - INFO - Paso 2: Presionando ENTER
2026-05-29 15:09:56,311 - INFO - Comando enviado a AHK: Presionar Enter 1 veces
2026-05-29 15:09:56,312 - INFO - Paso 2.1: Click en (168, 188)
2026-05-29 15:09:57,215 - INFO - Paso 3: Obteniendo ID con AHKManager en (1483, 519)
2026-05-29 15:09:57,224 - INFO - Comando enviado a AHK: 1483,519
2026-05-29 15:10:07,232 - ERROR - Timeout esperando respuesta de AHK
2026-05-29 15:10:07,233 - ERROR - No se pudo obtener el ID
2026-05-29 15:10:07,234 - ERROR - Procesamiento falló
2026-05-29 15:10:07,235 - INFO - Deteniendo procesos AHK...
2026-05-29 15:10:07,266 - INFO - AutoHotkey detenido correctamente
2026-05-29 15:10:07,292 - INFO - AutoHotkey (writer) detenido correctamente
2026-05-29 15:10:07,300 - INFO - AutoHotkey (click down) detenido correctamente
2026-05-29 15:10:07,310 - INFO - AutoHotkey detenido correctamente
2026-05-29 15:10:08,311 - ERROR - ❌ Programa 1 falló o no encontró ID
2026-05-29 15:10:08,337 - INFO - ============================================================
2026-05-29 15:10:08,337 - INFO - INICIANDO PROGRAMA 1 - PROCESADOR CSV
2026-05-29 15:10:08,338 - INFO - ============================================================
2026-05-29 15:10:08,850 - INFO - CSV cargado correctamente: 110 registros
2026-05-29 15:10:08,861 - INFO - CSV cargado correctamente: 110 registros
2026-05-29 15:10:08,861 - INFO - Iniciando procesos AHK...
2026-05-29 15:10:11,891 - INFO - AutoHotkey iniciado correctamente
2026-05-29 15:10:14,927 - INFO - AutoHotkey (writer) iniciado correctamente
2026-05-29 15:10:16,958 - INFO - AutoHotkey (click down) iniciado correctamente
2026-05-29 15:10:17,986 - INFO - AutoHotkey iniciado correctamente
2026-05-29 15:10:17,987 - INFO - Iniciando procesamiento de registro...
2026-05-29 15:10:17,987 - INFO - Paso 1: Click en (83, 266)
2026-05-29 15:10:18,898 - INFO - Paso 2: Presionando ENTER
2026-05-29 15:10:18,901 - INFO - Comando enviado a AHK: Presionar Enter 1 veces
2026-05-29 15:10:18,902 - INFO - Paso 2.1: Click en (168, 188)
2026-05-29 15:10:19,805 - INFO - Paso 3: Obteniendo ID con AHKManager en (1483, 519)
2026-05-29 15:10:19,807 - INFO - Comando enviado a AHK: 1483,519
2026-05-29 15:10:19,915 - INFO - Valor copiado: None
2026-05-29 15:10:19,915 - ERROR - No se pudo obtener el ID
2026-05-29 15:10:19,916 - ERROR - Procesamiento falló
2026-05-29 15:10:19,917 - INFO - Deteniendo procesos AHK...
2026-05-29 15:10:19,940 - INFO - AutoHotkey detenido correctamente
2026-05-29 15:10:19,954 - INFO - AutoHotkey (writer) detenido correctamente
2026-05-29 15:10:19,969 - INFO - AutoHotkey (click down) detenido correctamente
2026-05-29 15:10:19,979 - INFO - AutoHotkey detenido correctamente
2026-05-29 15:10:20,987 - ERROR - ❌ Programa 1 falló o no encontró ID
2026-05-29 15:10:21,024 - INFO - ============================================================
2026-05-29 15:10:21,024 - INFO - INICIANDO PROGRAMA 1 - PROCESADOR CSV
2026-05-29 15:10:21,025 - INFO - ============================================================
2026-05-29 15:10:21,536 - INFO - CSV cargado correctamente: 110 registros
2026-05-29 15:10:21,548 - INFO - CSV cargado correctamente: 110 registros
2026-05-29 15:10:21,549 - INFO - Iniciando procesos AHK...
2026-05-29 15:10:24,579 - INFO - AutoHotkey iniciado correctamente
2026-05-29 15:10:27,611 - INFO - AutoHotkey (writer) iniciado correctamente
2026-05-29 15:10:29,651 - INFO - AutoHotkey (click down) iniciado correctamente
2026-05-29 15:10:30,680 - INFO - AutoHotkey iniciado correctamente
2026-05-29 15:10:30,681 - INFO - Iniciando procesamiento de registro...
2026-05-29 15:10:30,681 - INFO - Paso 1: Click en (83, 266)
2026-05-29 15:10:31,587 - INFO - Paso 2: Presionando ENTER
2026-05-29 15:10:31,591 - INFO - Comando enviado a AHK: Presionar Enter 1 veces
2026-05-29 15:10:31,592 - INFO - Paso 2.1: Click en (168, 188)
2026-05-29 15:10:32,504 - INFO - Paso 3: Obteniendo ID con AHKManager en (1483, 519)
2026-05-29 15:10:32,658 - INFO - Comando enviado a AHK: 1483,519
2026-05-29 15:10:32,865 - INFO - Valor copiado: 9000190001
2026-05-29 15:10:32,865 - INFO - ID obtenido: 9000190001
2026-05-29 15:10:32,865 - INFO - Paso 4: Buscando ID 9000190001 en CSV (2 intentos máx)
2026-05-29 15:10:32,868 - WARNING - Intento 1: ID 9000190001 no encontrado en el CSV
2026-05-29 15:10:32,868 - INFO - Esperando 2 segundos antes de reintentar...
2026-05-29 15:10:34,472 - WARNING - Intento 2: ID 9000190001 no encontrado en el CSV
2026-05-29 15:10:34,473 - ERROR - ID 9000190001 no encontrado después de 2 intentos
2026-05-29 15:10:34,473 - ERROR - ID 9000190001 no encontrado en CSV después de 2 intentos. Saltando...
2026-05-29 15:10:34,474 - INFO - Procesamiento completado. Línea procesada: None
2026-05-29 15:10:34,475 - INFO - Deteniendo procesos AHK...
2026-05-29 15:10:34,493 - INFO - AutoHotkey detenido correctamente
2026-05-29 15:10:34,522 - INFO - AutoHotkey (writer) detenido correctamente
2026-05-29 15:10:34,529 - INFO - AutoHotkey (click down) detenido correctamente
2026-05-29 15:10:34,539 - INFO - AutoHotkey detenido correctamente
2026-05-29 15:10:35,540 - ERROR - ❌ Programa 1 falló o no encontró ID
2026-05-29 15:10:35,550 - INFO - ============================================================
2026-05-29 15:10:35,550 - INFO - INICIANDO PROGRAMA 1 - PROCESADOR CSV
2026-05-29 15:10:35,550 - INFO - ============================================================
2026-05-29 15:10:36,061 - INFO - CSV cargado correctamente: 110 registros
2026-05-29 15:10:36,072 - INFO - CSV cargado correctamente: 110 registros
2026-05-29 15:10:36,072 - INFO - Iniciando procesos AHK...
2026-05-29 15:10:39,102 - INFO - AutoHotkey iniciado correctamente
2026-05-29 15:10:42,136 - INFO - AutoHotkey (writer) iniciado correctamente
2026-05-29 15:10:44,160 - INFO - AutoHotkey (click down) iniciado correctamente
2026-05-29 15:10:45,191 - INFO - AutoHotkey iniciado correctamente
2026-05-29 15:10:45,192 - INFO - Iniciando procesamiento de registro...
2026-05-29 15:10:45,192 - INFO - Paso 1: Click en (83, 266)
2026-05-29 15:10:46,099 - INFO - Paso 2: Presionando ENTER
2026-05-29 15:10:46,103 - INFO - Comando enviado a AHK: Presionar Enter 1 veces
2026-05-29 15:10:46,104 - INFO - Paso 2.1: Click en (168, 188)
2026-05-29 15:10:47,007 - INFO - Paso 3: Obteniendo ID con AHKManager en (1483, 519)
2026-05-29 15:10:47,013 - INFO - Comando enviado a AHK: 1483,519
2026-05-29 15:10:47,115 - INFO - Valor copiado: None
2026-05-29 15:10:47,116 - ERROR - No se pudo obtener el ID
2026-05-29 15:10:47,116 - ERROR - Procesamiento falló
2026-05-29 15:10:47,116 - INFO - Deteniendo procesos AHK...
2026-05-29 15:10:47,125 - INFO - AutoHotkey detenido correctamente
2026-05-29 15:10:47,133 - INFO - AutoHotkey (writer) detenido correctamente
2026-05-29 15:10:47,140 - INFO - AutoHotkey (click down) detenido correctamente
2026-05-29 15:10:47,148 - INFO - AutoHotkey detenido correctamente
2026-05-29 15:10:48,149 - ERROR - ❌ Programa 1 falló o no encontró ID
2026-05-29 15:10:48,181 - INFO - ============================================================
2026-05-29 15:10:48,182 - INFO - INICIANDO PROGRAMA 1 - PROCESADOR CSV
2026-05-29 15:10:48,182 - INFO - ============================================================
2026-05-29 15:10:48,700 - INFO - CSV cargado correctamente: 110 registros
2026-05-29 15:10:48,710 - INFO - CSV cargado correctamente: 110 registros
2026-05-29 15:10:48,711 - INFO - Iniciando procesos AHK...
2026-05-29 15:10:51,740 - INFO - AutoHotkey iniciado correctamente
2026-05-29 15:10:54,751 - INFO - AutoHotkey (writer) iniciado correctamente
2026-05-29 15:10:56,782 - INFO - AutoHotkey (click down) iniciado correctamente
2026-05-29 15:10:57,820 - INFO - AutoHotkey iniciado correctamente
2026-05-29 15:10:57,821 - INFO - Iniciando procesamiento de registro...
2026-05-29 15:10:57,822 - INFO - Paso 1: Click en (83, 266)
2026-05-29 15:10:58,726 - INFO - Paso 2: Presionando ENTER
2026-05-29 15:10:58,730 - INFO - Comando enviado a AHK: Presionar Enter 1 veces
2026-05-29 15:10:58,731 - INFO - Paso 2.1: Click en (168, 188)
2026-05-29 15:10:59,643 - INFO - Paso 3: Obteniendo ID con AHKManager en (1483, 519)
2026-05-29 15:10:59,649 - INFO - Comando enviado a AHK: 1483,519
2026-05-29 15:11:09,724 - ERROR - Timeout esperando respuesta de AHK
2026-05-29 15:11:09,725 - ERROR - No se pudo obtener el ID
2026-05-29 15:11:09,725 - ERROR - Procesamiento falló
2026-05-29 15:11:09,726 - INFO - Deteniendo procesos AHK...
2026-05-29 15:11:09,752 - INFO - AutoHotkey detenido correctamente
2026-05-29 15:11:09,768 - INFO - AutoHotkey (writer) detenido correctamente
2026-05-29 15:11:09,784 - INFO - AutoHotkey (click down) detenido correctamente
2026-05-29 15:11:09,799 - INFO - AutoHotkey detenido correctamente
2026-05-29 15:11:10,801 - ERROR - ❌ Programa 1 falló o no encontró ID
2026-05-29 15:11:10,840 - INFO - ============================================================
2026-05-29 15:11:10,841 - INFO - INICIANDO PROGRAMA 1 - PROCESADOR CSV
2026-05-29 15:11:10,841 - INFO - ============================================================
2026-05-29 15:11:11,357 - INFO - CSV cargado correctamente: 110 registros
2026-05-29 15:11:11,368 - INFO - CSV cargado correctamente: 110 registros
2026-05-29 15:11:11,369 - INFO - Iniciando procesos AHK...
2026-05-29 15:11:14,398 - INFO - AutoHotkey iniciado correctamente
2026-05-29 15:11:17,437 - INFO - AutoHotkey (writer) iniciado correctamente
2026-05-29 15:11:19,469 - INFO - AutoHotkey (click down) iniciado correctamente
2026-05-29 15:11:20,500 - INFO - AutoHotkey iniciado correctamente
2026-05-29 15:11:20,501 - INFO - Iniciando procesamiento de registro...
2026-05-29 15:11:20,501 - INFO - Paso 1: Click en (83, 266)
2026-05-29 15:11:21,426 - INFO - Paso 2: Presionando ENTER
2026-05-29 15:11:21,430 - INFO - Comando enviado a AHK: Presionar Enter 1 veces
2026-05-29 15:11:21,431 - INFO - Paso 2.1: Click en (168, 188)
2026-05-29 15:11:22,352 - INFO - Paso 3: Obteniendo ID con AHKManager en (1483, 519)
2026-05-29 15:11:22,362 - INFO - Comando enviado a AHK: 1483,519
2026-05-29 15:11:32,428 - ERROR - Timeout esperando respuesta de AHK
2026-05-29 15:11:32,429 - ERROR - No se pudo obtener el ID
2026-05-29 15:11:32,430 - ERROR - Procesamiento falló
2026-05-29 15:11:32,431 - INFO - Deteniendo procesos AHK...
2026-05-29 15:11:32,466 - INFO - AutoHotkey detenido correctamente
2026-05-29 15:11:32,479 - INFO - AutoHotkey (writer) detenido correctamente
2026-05-29 15:11:32,498 - INFO - AutoHotkey (click down) detenido correctamente
2026-05-29 15:11:32,506 - INFO - AutoHotkey detenido correctamente
2026-05-29 15:11:33,507 - ERROR - ❌ Programa 1 falló o no encontró ID
2026-05-29 15:11:33,526 - INFO - ============================================================
2026-05-29 15:11:33,526 - INFO - INICIANDO PROGRAMA 1 - PROCESADOR CSV
2026-05-29 15:11:33,527 - INFO - ============================================================
2026-05-29 15:11:34,039 - INFO - CSV cargado correctamente: 110 registros
2026-05-29 15:11:34,050 - INFO - CSV cargado correctamente: 110 registros
2026-05-29 15:11:34,051 - INFO - Iniciando procesos AHK...
2026-05-29 15:11:37,081 - INFO - AutoHotkey iniciado correctamente
2026-05-29 15:11:40,101 - INFO - AutoHotkey (writer) iniciado correctamente
2026-05-29 15:11:42,142 - INFO - AutoHotkey (click down) iniciado correctamente
2026-05-29 15:11:43,176 - INFO - AutoHotkey iniciado correctamente
2026-05-29 15:11:43,176 - INFO - Iniciando procesamiento de registro...
2026-05-29 15:11:43,176 - INFO - Paso 1: Click en (83, 266)
2026-05-29 15:11:44,096 - INFO - Paso 2: Presionando ENTER
2026-05-29 15:11:44,097 - INFO - Comando enviado a AHK: Presionar Enter 1 veces
2026-05-29 15:11:44,097 - INFO - Paso 2.1: Click en (168, 188)
2026-05-29 15:11:45,006 - INFO - Paso 3: Obteniendo ID con AHKManager en (1483, 519)
2026-05-29 15:11:45,012 - INFO - Comando enviado a AHK: 1483,519
2026-05-29 15:11:46,332 - INFO - Valor copiado: 90001
2026-05-29 15:11:46,333 - INFO - ID obtenido: 90001
2026-05-29 15:11:46,334 - INFO - Paso 4: Buscando ID 90001 en CSV (2 intentos máx)
2026-05-29 15:11:46,337 - INFO - ID 90001 encontrado en intento 1
2026-05-29 15:11:46,338 - INFO - Paso 5: Escribiendo valor '160' en (1483, 519)
2026-05-29 15:11:46,340 - INFO - Enviando comando a AHK: coordenadas (1483, 519), texto: '160'
2026-05-29 15:11:47,253 - INFO - Esperando respuesta AHK... (10 intentos)
2026-05-29 15:11:48,280 - INFO - Esperando respuesta AHK... (20 intentos)
2026-05-29 15:11:49,289 - INFO - Esperando respuesta AHK... (30 intentos)
2026-05-29 15:11:50,299 - INFO - Esperando respuesta AHK... (40 intentos)
2026-05-29 15:11:50,406 - INFO - Debug AHK: Texto escrito: 160

2026-05-29 15:11:50,407 - INFO - Escritura completada correctamente via AHK
2026-05-29 15:11:52,008 - INFO - Paso 6: Valor columna 4 vacío
2026-05-29 15:11:52,009 - INFO - Paso 7: Saltado (columna 4 <= 0 o vacía)
2026-05-29 15:11:52,010 - INFO - Paso 8: Click en (1290, 349)
2026-05-29 15:11:53,720 - INFO - Procesamiento completado exitosamente
2026-05-29 15:11:53,721 - INFO - Procesamiento completado. Línea procesada: 1
2026-05-29 15:11:53,722 - INFO - Deteniendo procesos AHK...
2026-05-29 15:11:53,746 - INFO - AutoHotkey detenido correctamente
2026-05-29 15:11:53,773 - INFO - AutoHotkey (writer) detenido correctamente
2026-05-29 15:11:53,797 - INFO - AutoHotkey (click down) detenido correctamente
2026-05-29 15:11:53,818 - INFO - AutoHotkey detenido correctamente
2026-05-29 15:11:54,819 - INFO - ✅ Programa 1 completado. Línea procesada: 1
2026-05-29 15:11:54,822 - INFO - 
============================================================
2026-05-29 15:11:54,823 - INFO - INICIANDO PROGRAMA 2 - AUTOMATIZACIÓN NSE
2026-05-29 15:11:54,824 - INFO - ============================================================
2026-05-29 15:11:54,838 - INFO - 🎯 Procesando línea: 1
2026-05-29 15:11:58,373 - INFO - AutoHotkey (writer) iniciado correctamente
2026-05-29 15:11:58,376 - INFO - 📊 Total de líneas en CSV: 110
2026-05-29 15:11:58,376 - INFO - 🔄 Procesando línea 1/110
2026-05-29 15:12:05,323 - INFO - 🔍 Buscando imagen: img/VentanaAsignar.png
2026-05-29 15:12:05,679 - INFO - Imagen encontrada con confianza: 0.94
2026-05-29 15:12:05,681 - INFO - ✅ Imagen detectada en el intento 1 en coordenadas: (1192, 460)
2026-05-29 15:12:05,681 - INFO - 🎯 Imagen detectada, procediendo con tipo V
2026-05-29 15:12:09,147 - INFO - Enviando comando a AHK: coordenadas (1355, 657), texto: '1'
2026-05-29 15:12:10,065 - INFO - Esperando respuesta AHK... (10 intentos)
2026-05-29 15:12:11,076 - INFO - Esperando respuesta AHK... (20 intentos)
2026-05-29 15:12:12,091 - INFO - Esperando respuesta AHK... (30 intentos)
2026-05-29 15:12:12,906 - INFO - Debug AHK: Texto escrito: 1

2026-05-29 15:12:12,907 - INFO - Escritura completada correctamente via AHK
2026-05-29 15:12:22,250 - INFO - ✅ Línea 1 completada (hasta CERRAR)
2026-05-29 15:12:22,260 - INFO - AutoHotkey (writer) detenido correctamente
2026-05-29 15:12:22,260 - INFO - ✅ Programa 2 finalizado exitosamente
2026-05-29 15:12:22,261 - INFO - 
============================================================
2026-05-29 15:12:22,261 - INFO - INICIANDO PROGRAMA 3 - SERVICIOS NSE
2026-05-29 15:12:22,262 - INFO - ============================================================
2026-05-29 15:12:22,262 - INFO - 🎯 Procesando línea: 1
2026-05-29 15:12:25,282 - INFO - AutoHotkey (writer) iniciado correctamente
2026-05-29 15:12:27,314 - INFO - AutoHotkey (click down) iniciado correctamente
2026-05-29 15:12:28,345 - INFO - AutoHotkey iniciado correctamente
2026-05-29 15:12:28,346 - INFO - ✅ Todos los servicios AHK iniciados correctamente
2026-05-29 15:12:28,359 - INFO - 📊 Total de líneas en CSV: 110
2026-05-29 15:12:28,360 - INFO - 🎯 PROCESANDO LÍNEA ESPECÍFICA: 1/110
2026-05-29 15:12:28,363 - INFO - ✅ Línea 1 tiene servicios para procesar
2026-05-29 15:12:33,441 - INFO - 🔍 Buscando ventana de servicios...
2026-05-29 15:12:33,442 - INFO - 🔍 Buscando imagen: img/ventanaAdministracion4.PNG
2026-05-29 15:12:33,716 - INFO - ✅ Imagen encontrada en intento 1 - Coordenadas: (10, 26) - Confianza: 0.93
2026-05-29 15:12:33,718 - INFO - ✅ Coordenadas actualizadas a relativas
2026-05-29 15:12:38,779 - INFO - Procesando servicios para línea 1
2026-05-29 15:12:38,780 - INFO -   └─ Procesando VOZ COBRE TELMEX: 1.0
2026-05-29 15:12:43,861 - INFO - Usando coordenadas relativas para escribir: (118, 376)
2026-05-29 15:12:43,863 - INFO - Enviando comando a AHK: coordenadas (118, 376), texto: '1'
2026-05-29 15:12:44,779 - INFO - Esperando respuesta AHK... (10 intentos)
2026-05-29 15:12:45,803 - INFO - Esperando respuesta AHK... (20 intentos)
2026-05-29 15:12:46,817 - INFO - Esperando respuesta AHK... (30 intentos)
2026-05-29 15:12:47,646 - INFO - Debug AHK: Texto escrito: 1

2026-05-29 15:12:47,647 - INFO - Escritura completada correctamente via AHK
2026-05-29 15:12:47,647 - INFO - ✅ Texto escrito exitosamente: 1
2026-05-29 15:12:49,249 - INFO - Escribió cantidad de VOZ COBRE TELMEX: 1
2026-05-29 15:13:22,912 - INFO -   └─ Procesando VETV: 1.0
2026-05-29 15:13:27,982 - INFO - Comando click+down enviado a AHK: 131|262|3
2026-05-29 15:13:29,616 - INFO - Click + Down ejecutado correctamente
2026-05-29 15:13:29,620 - INFO - Comando enviado a AHK: Presionar Enter 1 veces
2026-05-29 15:13:29,625 - INFO - Comando click+down enviado a AHK: 131|287|2
2026-05-29 15:13:31,248 - INFO - Click + Down ejecutado correctamente
2026-05-29 15:13:31,251 - INFO - Comando enviado a AHK: Presionar Enter 1 veces
2026-05-29 15:13:31,256 - INFO - Comando click+down enviado a AHK: 131|316|5
2026-05-29 15:13:33,699 - INFO - Click + Down ejecutado correctamente
2026-05-29 15:13:33,702 - INFO - Comando enviado a AHK: Presionar Enter 1 veces
2026-05-29 15:13:36,904 - INFO - Usando coordenadas relativas para escribir: (118, 376)
2026-05-29 15:13:36,906 - INFO - Enviando comando a AHK: coordenadas (118, 376), texto: '1'
2026-05-29 15:13:37,818 - INFO - Esperando respuesta AHK... (10 intentos)
2026-05-29 15:13:38,847 - INFO - Esperando respuesta AHK... (20 intentos)
2026-05-29 15:13:39,854 - INFO - Esperando respuesta AHK... (30 intentos)
2026-05-29 15:13:40,881 - INFO - Esperando respuesta AHK... (40 intentos)
2026-05-29 15:13:41,086 - INFO - Debug AHK: Texto escrito: 1
Texto escrito: 1

2026-05-29 15:13:41,087 - INFO - Escritura completada correctamente via AHK
2026-05-29 15:13:41,088 - INFO - ✅ Texto escrito exitosamente: 1
2026-05-29 15:13:42,694 - INFO - Escribió cantidad de VETV: 1
2026-05-29 15:14:23,773 - INFO - ✅ Línea 1 completada: 2 servicios procesados
2026-05-29 15:14:23,774 - INFO - ✅ Programa 3 completado exitosamente
2026-05-29 15:14:23,788 - INFO - AutoHotkey (writer) detenido correctamente
2026-05-29 15:14:23,796 - INFO - AutoHotkey (click down) detenido correctamente
2026-05-29 15:14:23,803 - INFO - AutoHotkey detenido correctamente
2026-05-29 15:14:23,804 - INFO - ✅ Todos los servicios AHK detenidos correctamente
2026-05-29 15:14:23,805 - INFO - 
============================================================
2026-05-29 15:14:23,805 - INFO - INICIANDO PROGRAMA 4 - AUTOMATIZACIÓN GE
2026-05-29 15:14:23,805 - INFO - ============================================================
2026-05-29 15:14:23,810 - INFO - 🎯 Procesando línea: 1
2026-05-29 15:14:23,810 - INFO - 📁 Archivo KML base: NN
2026-05-29 15:14:27,344 - INFO - AutoHotkey (writer) iniciado correctamente
2026-05-29 15:14:27,356 - INFO - 📊 Total de líneas en CSV: 110
2026-05-29 15:14:27,358 - INFO - ⚠️  Columna 27 vacía, no es 1 o no existe en fila 0, saltando...
2026-05-29 15:14:29,394 - INFO - AutoHotkey (click down) iniciado correctamente
2026-05-29 15:14:29,399 - INFO - Comando click+down enviado a AHK: 83|266|1
2026-05-29 15:14:30,410 - INFO - Click + Down ejecutado correctamente
2026-05-29 15:14:30,435 - INFO - AutoHotkey (click down) detenido correctamente
2026-05-29 15:14:30,436 - INFO - ✅ Flecha abajo presionada con AHK
2026-05-29 15:14:33,467 - INFO - AutoHotkey iniciado correctamente
2026-05-29 15:14:33,470 - INFO - Comando enviado a AHK: Presionar Enter 1 veces
2026-05-29 15:14:33,495 - INFO - AutoHotkey detenido correctamente
2026-05-29 15:14:34,496 - INFO - ⚠️  Valores inválidos en fila 0. Línea 1 saltada.
2026-05-29 15:14:34,541 - INFO - AutoHotkey (writer) detenido correctamente
2026-05-29 15:14:34,542 - INFO - AutoHotkey detenido correctamente
2026-05-29 15:14:34,543 - INFO - AutoHotkey (click down) detenido correctamente
2026-05-29 15:14:34,544 - INFO - ✅ Programa 4 finalizado exitosamente
2026-05-29 15:14:34,555 - INFO - Enviando comando SAVE a AHK...
2026-05-29 15:14:36,168 - INFO - Guardado confirmado por AHK
2026-05-29 15:14:37,996 - INFO - ============================================================
2026-05-29 15:14:37,997 - INFO - INICIANDO PROGRAMA 1 - PROCESADOR CSV
2026-05-29 15:14:37,997 - INFO - ============================================================
2026-05-29 15:14:38,511 - INFO - CSV cargado correctamente: 110 registros
2026-05-29 15:14:38,523 - INFO - CSV cargado correctamente: 110 registros
2026-05-29 15:14:38,524 - INFO - Iniciando procesos AHK...
2026-05-29 15:14:41,553 - INFO - AutoHotkey iniciado correctamente
2026-05-29 15:14:44,564 - INFO - AutoHotkey (writer) iniciado correctamente
2026-05-29 15:14:46,596 - INFO - AutoHotkey (click down) iniciado correctamente
2026-05-29 15:14:47,632 - INFO - AutoHotkey iniciado correctamente
2026-05-29 15:14:47,634 - INFO - Iniciando procesamiento de registro...
2026-05-29 15:14:47,634 - INFO - Paso 1: Click en (83, 266)
2026-05-29 15:14:49,244 - INFO - Paso 2: Presionando ENTER
2026-05-29 15:14:49,248 - INFO - Comando enviado a AHK: Presionar Enter 1 veces
2026-05-29 15:14:49,249 - INFO - Paso 2.1: Click en (168, 188)
2026-05-29 15:14:50,851 - INFO - Paso 3: Obteniendo ID con AHKManager en (1483, 519)
2026-05-29 15:14:50,859 - INFO - Comando enviado a AHK: 1483,519
2026-05-29 15:14:50,963 - INFO - Valor copiado: None
2026-05-29 15:14:50,964 - ERROR - No se pudo obtener el ID
2026-05-29 15:14:50,965 - ERROR - Procesamiento falló
2026-05-29 15:14:50,966 - INFO - Deteniendo procesos AHK...
2026-05-29 15:14:50,990 - INFO - AutoHotkey detenido correctamente
2026-05-29 15:14:51,025 - INFO - AutoHotkey (writer) detenido correctamente
2026-05-29 15:14:51,050 - INFO - AutoHotkey (click down) detenido correctamente
2026-05-29 15:14:51,062 - INFO - AutoHotkey detenido correctamente
2026-05-29 15:14:52,063 - ERROR - ❌ Programa 1 falló o no encontró ID
2026-05-29 15:14:52,082 - INFO - ============================================================
2026-05-29 15:14:52,082 - INFO - INICIANDO PROGRAMA 1 - PROCESADOR CSV
2026-05-29 15:14:52,083 - INFO - ============================================================
2026-05-29 15:14:52,594 - INFO - CSV cargado correctamente: 110 registros
2026-05-29 15:14:52,605 - INFO - CSV cargado correctamente: 110 registros
2026-05-29 15:14:52,606 - INFO - Iniciando procesos AHK...
2026-05-29 15:14:55,636 - INFO - AutoHotkey iniciado correctamente
2026-05-29 15:14:58,668 - INFO - AutoHotkey (writer) iniciado correctamente
2026-05-29 15:15:00,699 - INFO - AutoHotkey (click down) iniciado correctamente
2026-05-29 15:15:01,726 - INFO - AutoHotkey iniciado correctamente
2026-05-29 15:15:01,727 - INFO - Iniciando procesamiento de registro...
2026-05-29 15:15:01,728 - INFO - Paso 1: Click en (83, 266)
2026-05-29 15:15:03,339 - INFO - Paso 2: Presionando ENTER
2026-05-29 15:15:03,343 - INFO - Comando enviado a AHK: Presionar Enter 1 veces
2026-05-29 15:15:03,344 - INFO - Paso 2.1: Click en (168, 188)
2026-05-29 15:15:04,946 - INFO - Paso 3: Obteniendo ID con AHKManager en (1483, 519)
2026-05-29 15:15:04,954 - INFO - Comando enviado a AHK: 1483,519
2026-05-29 15:15:06,093 - INFO - Valor copiado: 90002
2026-05-29 15:15:06,094 - INFO - ID obtenido: 90002
2026-05-29 15:15:06,095 - INFO - Paso 4: Buscando ID 90002 en CSV (2 intentos máx)
2026-05-29 15:15:06,097 - INFO - ID 90002 encontrado en intento 1
2026-05-29 15:15:06,099 - INFO - Paso 5: Escribiendo valor '150' en (1483, 519)
2026-05-29 15:15:06,100 - INFO - Enviando comando a AHK: coordenadas (1483, 519), texto: '150'
2026-05-29 15:15:07,012 - INFO - Esperando respuesta AHK... (10 intentos)
2026-05-29 15:15:08,028 - INFO - Esperando respuesta AHK... (20 intentos)
2026-05-29 15:15:09,042 - INFO - Esperando respuesta AHK... (30 intentos)
2026-05-29 15:15:10,055 - INFO - Debug AHK: Texto escrito: 150

2026-05-29 15:15:10,056 - INFO - Escritura completada correctamente via AHK
2026-05-29 15:15:11,658 - INFO - Paso 6: Valor columna 4 vacío
2026-05-29 15:15:11,659 - INFO - Paso 7: Saltado (columna 4 <= 0 o vacía)
2026-05-29 15:15:11,660 - INFO - Paso 8: Click en (1290, 349)
2026-05-29 15:15:14,077 - INFO - Procesamiento completado exitosamente
2026-05-29 15:15:14,078 - INFO - Procesamiento completado. Línea procesada: 2
2026-05-29 15:15:14,079 - INFO - Deteniendo procesos AHK...
2026-05-29 15:15:14,120 - INFO - AutoHotkey detenido correctamente
2026-05-29 15:15:14,130 - INFO - AutoHotkey (writer) detenido correctamente
2026-05-29 15:15:14,140 - INFO - AutoHotkey (click down) detenido correctamente
2026-05-29 15:15:14,151 - INFO - AutoHotkey detenido correctamente
2026-05-29 15:15:15,152 - INFO - ✅ Programa 1 completado. Línea procesada: 2
2026-05-29 15:15:15,157 - INFO - 
============================================================
2026-05-29 15:15:15,158 - INFO - INICIANDO PROGRAMA 2 - AUTOMATIZACIÓN NSE
2026-05-29 15:15:15,158 - INFO - ============================================================
2026-05-29 15:15:15,174 - INFO - 🎯 Procesando línea: 2
2026-05-29 15:15:18,708 - INFO - AutoHotkey (writer) iniciado correctamente
2026-05-29 15:15:18,720 - INFO - 📊 Total de líneas en CSV: 110
2026-05-29 15:15:18,722 - INFO - 🔄 Procesando línea 2/110
2026-05-29 15:15:25,666 - INFO - 🔍 Buscando imagen: img/VentanaAsignar.png
2026-05-29 15:15:25,971 - INFO - Imagen encontrada con confianza: 0.96
2026-05-29 15:15:25,973 - INFO - ✅ Imagen detectada en el intento 1 en coordenadas: (1192, 460)
2026-05-29 15:15:25,973 - INFO - 🎯 Imagen detectada, procediendo con tipo V
2026-05-29 15:15:29,447 - INFO - Enviando comando a AHK: coordenadas (1355, 657), texto: '1'
2026-05-29 15:15:30,365 - INFO - Esperando respuesta AHK... (10 intentos)
2026-05-29 15:15:31,398 - INFO - Esperando respuesta AHK... (20 intentos)
2026-05-29 15:15:32,408 - INFO - Esperando respuesta AHK... (30 intentos)
2026-05-29 15:15:33,336 - INFO - Debug AHK: Texto escrito: 1

2026-05-29 15:15:33,337 - INFO - Escritura completada correctamente via AHK
2026-05-29 15:15:42,679 - INFO - ✅ Línea 2 completada (hasta CERRAR)
2026-05-29 15:15:42,706 - INFO - AutoHotkey (writer) detenido correctamente
2026-05-29 15:15:42,707 - INFO - ✅ Programa 2 finalizado exitosamente
2026-05-29 15:15:42,709 - INFO - 
============================================================
2026-05-29 15:15:42,709 - INFO - INICIANDO PROGRAMA 3 - SERVICIOS NSE
2026-05-29 15:15:42,710 - INFO - ============================================================
2026-05-29 15:15:42,710 - INFO - 🎯 Procesando línea: 2
2026-05-29 15:15:45,730 - INFO - AutoHotkey (writer) iniciado correctamente
2026-05-29 15:15:47,739 - INFO - AutoHotkey (click down) iniciado correctamente
2026-05-29 15:15:48,771 - INFO - AutoHotkey iniciado correctamente
2026-05-29 15:15:48,772 - INFO - ✅ Todos los servicios AHK iniciados correctamente
2026-05-29 15:15:48,778 - INFO - 📊 Total de líneas en CSV: 110
2026-05-29 15:15:48,779 - INFO - 🎯 PROCESANDO LÍNEA ESPECÍFICA: 2/110
2026-05-29 15:15:48,781 - INFO - ✅ Línea 2 tiene servicios para procesar
2026-05-29 15:15:53,856 - INFO - 🔍 Buscando ventana de servicios...
2026-05-29 15:15:53,857 - INFO - 🔍 Buscando imagen: img/ventanaAdministracion4.PNG
2026-05-29 15:15:54,237 - INFO - ✅ Imagen encontrada en intento 1 - Coordenadas: (10, 26) - Confianza: 0.93
2026-05-29 15:15:54,239 - INFO - ✅ Coordenadas actualizadas a relativas
2026-05-29 15:15:59,318 - INFO - Procesando servicios para línea 2
2026-05-29 15:15:59,319 - INFO -   └─ Procesando VOZ COBRE TELMEX: 1.0
2026-05-29 15:16:04,403 - INFO - Usando coordenadas relativas para escribir: (118, 376)
2026-05-29 15:16:04,405 - INFO - Enviando comando a AHK: coordenadas (118, 376), texto: '1'
2026-05-29 15:16:05,325 - INFO - Esperando respuesta AHK... (10 intentos)
2026-05-29 15:16:06,341 - INFO - Esperando respuesta AHK... (20 intentos)
2026-05-29 15:16:07,369 - INFO - Esperando respuesta AHK... (30 intentos)
2026-05-29 15:16:08,383 - INFO - Debug AHK: Texto escrito: 1

2026-05-29 15:16:08,384 - INFO - Escritura completada correctamente via AHK
2026-05-29 15:16:08,385 - INFO - ✅ Texto escrito exitosamente: 1
2026-05-29 15:16:09,986 - INFO - Escribió cantidad de VOZ COBRE TELMEX: 1
2026-05-29 15:16:43,596 - INFO -   └─ Procesando VETV: 1.0
2026-05-29 15:16:48,680 - INFO - Comando click+down enviado a AHK: 131|262|3
2026-05-29 15:16:50,522 - INFO - Click + Down ejecutado correctamente
2026-05-29 15:16:50,523 - INFO - Comando enviado a AHK: Presionar Enter 1 veces
2026-05-29 15:16:50,526 - INFO - Comando click+down enviado a AHK: 131|287|2
2026-05-29 15:16:52,248 - INFO - Click + Down ejecutado correctamente
2026-05-29 15:16:52,251 - INFO - Comando enviado a AHK: Presionar Enter 1 veces
2026-05-29 15:16:52,256 - INFO - Comando click+down enviado a AHK: 131|316|5
2026-05-29 15:16:54,577 - INFO - Click + Down ejecutado correctamente
2026-05-29 15:16:54,580 - INFO - Comando enviado a AHK: Presionar Enter 1 veces
2026-05-29 15:16:57,783 - INFO - Usando coordenadas relativas para escribir: (118, 376)
2026-05-29 15:16:57,784 - INFO - Enviando comando a AHK: coordenadas (118, 376), texto: '1'
2026-05-29 15:16:58,710 - INFO - Esperando respuesta AHK... (10 intentos)
2026-05-29 15:16:59,728 - INFO - Esperando respuesta AHK... (20 intentos)
2026-05-29 15:17:00,742 - INFO - Esperando respuesta AHK... (30 intentos)
2026-05-29 15:17:01,767 - INFO - Debug AHK: Texto escrito: 1
Texto escrito: 1

2026-05-29 15:17:01,768 - INFO - Escritura completada correctamente via AHK
2026-05-29 15:17:01,768 - INFO - ✅ Texto escrito exitosamente: 1
2026-05-29 15:17:03,370 - INFO - Escribió cantidad de VETV: 1
2026-05-29 15:17:44,477 - INFO - ✅ Línea 2 completada: 2 servicios procesados
2026-05-29 15:17:44,478 - INFO - ✅ Programa 3 completado exitosamente
2026-05-29 15:17:44,497 - INFO - AutoHotkey (writer) detenido correctamente
2026-05-29 15:17:44,517 - INFO - AutoHotkey (click down) detenido correctamente
2026-05-29 15:17:44,538 - INFO - AutoHotkey detenido correctamente
2026-05-29 15:17:44,539 - INFO - ✅ Todos los servicios AHK detenidos correctamente
2026-05-29 15:17:44,541 - INFO - 
============================================================
2026-05-29 15:17:44,542 - INFO - INICIANDO PROGRAMA 4 - AUTOMATIZACIÓN GE
2026-05-29 15:17:44,543 - INFO - ============================================================
2026-05-29 15:17:44,559 - INFO - 🎯 Procesando línea: 2
2026-05-29 15:17:44,560 - INFO - 📁 Archivo KML base: NN
2026-05-29 15:17:48,094 - INFO - AutoHotkey (writer) iniciado correctamente
2026-05-29 15:17:48,105 - INFO - 📊 Total de líneas en CSV: 110
2026-05-29 15:17:48,107 - INFO - 🔄 Procesando línea 2/110
2026-05-29 15:17:48,109 - INFO - 📁 Archivo a cargar: NN 26.kml
2026-05-29 15:17:48,110 - INFO - 📝 Texto adicional: 'CONST.'
2026-05-29 15:17:49,191 - INFO - Click en (327, 381)
2026-05-29 15:17:53,251 - INFO - Click en (1396, 608)
2026-05-29 15:17:57,314 - INFO - Click en (1406, 634)
2026-05-29 15:18:00,557 - INFO - Ventana encontrada con confianza: 1.00
2026-05-29 15:18:00,559 - INFO - Coordenadas ventana: x=1040, y=330
2026-05-29 15:18:00,559 - INFO - Coordenadas botón documentos: x=1104, y=645
2026-05-29 15:18:01,360 - INFO - Click realizado en botón documentos
2026-05-29 15:18:01,361 - INFO - Coordenadas campo texto: x=1334, y=830
2026-05-29 15:18:01,389 - INFO - Script de AutoHotkey creado automáticamente
2026-05-29 15:18:03,412 - INFO - AutoHotkey iniciado correctamente
2026-05-29 15:18:03,419 - INFO - Comando enviado a AHK: 1334,830,NN 26.kml
2026-05-29 15:18:03,420 - INFO - Nombre del archivo escrito exitosamente
2026-05-29 15:18:05,032 - INFO - AutoHotkey detenido correctamente
2026-05-29 15:18:05,032 - INFO - Resultado de cargar archivo: Éxito
2026-05-29 15:18:06,047 - INFO - AutoHotkey iniciado correctamente
2026-05-29 15:18:06,050 - INFO - Comando enviado a AHK: Presionar Enter 1 veces
2026-05-29 15:18:06,075 - INFO - AutoHotkey detenido correctamente
2026-05-29 15:18:10,141 - INFO - Click en (327, 381)
2026-05-29 15:18:14,197 - INFO - Click en (1406, 675)
2026-05-29 15:18:18,264 - INFO - Click en (83, 266)
2026-05-29 15:18:21,267 - INFO - Cerrando la ventana de archivo
2026-05-29 15:18:22,328 - INFO - Click en (1530, 555)
2026-05-29 15:18:27,413 - INFO - Click en (168, 188)
2026-05-29 15:18:31,493 - INFO - Click en (1366, 384)
2026-05-29 15:18:35,561 - INFO - Click en (1449, 452)
2026-05-29 15:18:38,565 - INFO - 🔍 Buscando imagen: img/textoAdicional.PNG
2026-05-29 15:18:38,891 - INFO - ✅ Imagen encontrada con confianza: 0.96
2026-05-29 15:18:38,893 - INFO - ✅ Imagen detectada en el intento 1 en coordenadas: (1191, 459)
2026-05-29 15:18:38,893 - INFO - 📝 Intentando escribir texto: 'CONST.' en coordenadas (1421, 525)
2026-05-29 15:18:38,894 - INFO - AHK Writer ya está en ejecución
2026-05-29 15:18:38,894 - INFO - Enviando comando a AHK: coordenadas (1421, 525), texto: 'CONST.'
2026-05-29 15:18:39,807 - INFO - Esperando respuesta AHK... (10 intentos)
2026-05-29 15:18:40,824 - INFO - Esperando respuesta AHK... (20 intentos)
2026-05-29 15:18:41,849 - INFO - Esperando respuesta AHK... (30 intentos)
2026-05-29 15:18:42,862 - INFO - Debug AHK: Texto escrito: CONST.

2026-05-29 15:18:42,863 - INFO - Escritura completada correctamente via AHK
2026-05-29 15:18:42,898 - INFO - AutoHotkey (writer) detenido correctamente
2026-05-29 15:18:42,899 - INFO - ✅ Texto escrito exitosamente: 'CONST.'
2026-05-29 15:18:45,972 - INFO - Click en (1255, 559)
2026-05-29 15:18:51,035 - INFO - Click en (1330, 557)
2026-05-29 15:18:54,091 - INFO - Click en (360, 980)
2026-05-29 15:18:57,162 - INFO - Click en (83, 266)
2026-05-29 15:19:02,198 - INFO - AutoHotkey (click down) iniciado correctamente
2026-05-29 15:19:02,204 - INFO - Comando click+down enviado a AHK: 83|266|1
2026-05-29 15:19:03,319 - INFO - Click + Down ejecutado correctamente
2026-05-29 15:19:03,327 - INFO - AutoHotkey (click down) detenido correctamente
2026-05-29 15:19:03,327 - INFO - ✅ Flecha abajo presionada con AHK
2026-05-29 15:19:04,689 - INFO - Ventana de error detectada con confianza: 0.94
2026-05-29 15:19:05,698 - INFO - AutoHotkey iniciado correctamente
2026-05-29 15:19:05,700 - INFO - Comando enviado a AHK: Presionar Enter 1 veces
2026-05-29 15:19:08,101 - INFO - Ventana de error detectada y cerrada
2026-05-29 15:19:08,116 - INFO - AutoHotkey detenido correctamente
2026-05-29 15:19:08,119 - INFO - ✅ Ventana de error detectada y cerrada
2026-05-29 15:19:09,132 - INFO - AutoHotkey iniciado correctamente
2026-05-29 15:19:09,136 - INFO - Comando enviado a AHK: Presionar Enter 1 veces
2026-05-29 15:19:09,177 - INFO - AutoHotkey detenido correctamente
2026-05-29 15:19:09,178 - INFO - ✅ Línea 2 completada exitosamente
2026-05-29 15:19:09,179 - INFO - AutoHotkey detenido correctamente
2026-05-29 15:19:09,180 - INFO - AutoHotkey detenido correctamente
2026-05-29 15:19:09,181 - INFO - AutoHotkey (click down) detenido correctamente
2026-05-29 15:19:09,181 - INFO - ✅ Programa 4 finalizado exitosamente
2026-05-29 15:19:09,198 - INFO - ============================================================
2026-05-29 15:19:09,199 - INFO - INICIANDO PROGRAMA 1 - PROCESADOR CSV
2026-05-29 15:19:09,199 - INFO - ============================================================
2026-05-29 15:19:09,713 - INFO - CSV cargado correctamente: 110 registros
2026-05-29 15:19:09,725 - INFO - CSV cargado correctamente: 110 registros
2026-05-29 15:19:09,725 - INFO - Iniciando procesos AHK...
2026-05-29 15:19:12,755 - INFO - AutoHotkey iniciado correctamente
2026-05-29 15:19:15,786 - INFO - AutoHotkey (writer) iniciado correctamente
2026-05-29 15:19:17,817 - INFO - AutoHotkey (click down) iniciado correctamente
2026-05-29 15:19:18,860 - INFO - AutoHotkey iniciado correctamente
2026-05-29 15:19:18,861 - INFO - Iniciando procesamiento de registro...
2026-05-29 15:19:18,861 - INFO - Paso 1: Click en (83, 266)
2026-05-29 15:19:20,471 - INFO - Paso 2: Presionando ENTER
2026-05-29 15:19:20,475 - INFO - Comando enviado a AHK: Presionar Enter 1 veces
2026-05-29 15:19:20,475 - INFO - Paso 2.1: Click en (168, 188)
2026-05-29 15:19:22,082 - INFO - Paso 3: Obteniendo ID con AHKManager en (1483, 519)
2026-05-29 15:19:22,090 - INFO - Comando enviado a AHK: 1483,519
2026-05-29 15:19:32,115 - ERROR - Timeout esperando respuesta de AHK
2026-05-29 15:19:32,116 - ERROR - No se pudo obtener el ID
2026-05-29 15:19:32,117 - ERROR - Procesamiento falló
2026-05-29 15:19:32,117 - INFO - Deteniendo procesos AHK...
2026-05-29 15:19:32,143 - INFO - AutoHotkey detenido correctamente
2026-05-29 15:19:32,164 - INFO - AutoHotkey (writer) detenido correctamente
2026-05-29 15:19:32,177 - INFO - AutoHotkey (click down) detenido correctamente
2026-05-29 15:19:32,191 - INFO - AutoHotkey detenido correctamente
2026-05-29 15:19:33,192 - ERROR - ❌ Programa 1 falló o no encontró ID
2026-05-29 15:19:33,223 - INFO - ============================================================
2026-05-29 15:19:33,224 - INFO - INICIANDO PROGRAMA 1 - PROCESADOR CSV
2026-05-29 15:19:33,224 - INFO - ============================================================
2026-05-29 15:19:33,737 - INFO - CSV cargado correctamente: 110 registros
2026-05-29 15:19:33,748 - INFO - CSV cargado correctamente: 110 registros
2026-05-29 15:19:33,749 - INFO - Iniciando procesos AHK...
2026-05-29 15:19:36,779 - INFO - AutoHotkey iniciado correctamente
2026-05-29 15:19:39,812 - INFO - AutoHotkey (writer) iniciado correctamente
2026-05-29 15:19:41,854 - INFO - AutoHotkey (click down) iniciado correctamente
2026-05-29 15:19:42,885 - INFO - AutoHotkey iniciado correctamente
2026-05-29 15:19:42,886 - INFO - Iniciando procesamiento de registro...
2026-05-29 15:19:42,887 - INFO - Paso 1: Click en (83, 266)
2026-05-29 15:19:44,503 - INFO - Paso 2: Presionando ENTER
2026-05-29 15:19:44,506 - INFO - Comando enviado a AHK: Presionar Enter 1 veces
2026-05-29 15:19:44,507 - INFO - Paso 2.1: Click en (168, 188)
2026-05-29 15:19:46,110 - INFO - Paso 3: Obteniendo ID con AHKManager en (1483, 519)
2026-05-29 15:19:46,116 - INFO - Comando enviado a AHK: 1483,519
2026-05-29 15:19:56,192 - ERROR - Timeout esperando respuesta de AHK
2026-05-29 15:19:56,193 - ERROR - No se pudo obtener el ID
2026-05-29 15:19:56,193 - ERROR - Procesamiento falló
2026-05-29 15:19:56,194 - INFO - Deteniendo procesos AHK...
2026-05-29 15:19:56,220 - INFO - AutoHotkey detenido correctamente
2026-05-29 15:19:56,241 - INFO - AutoHotkey (writer) detenido correctamente
2026-05-29 15:19:56,256 - INFO - AutoHotkey (click down) detenido correctamente
2026-05-29 15:19:56,272 - INFO - AutoHotkey detenido correctamente
2026-05-29 15:19:57,273 - ERROR - ❌ Programa 1 falló o no encontró ID
2026-05-29 15:19:57,288 - INFO - ============================================================
2026-05-29 15:19:57,288 - INFO - INICIANDO PROGRAMA 1 - PROCESADOR CSV
2026-05-29 15:19:57,289 - INFO - ============================================================
2026-05-29 15:19:57,792 - INFO - CSV cargado correctamente: 110 registros
2026-05-29 15:19:57,796 - INFO - CSV cargado correctamente: 110 registros
2026-05-29 15:19:57,796 - INFO - Iniciando procesos AHK...
2026-05-29 15:20:00,826 - INFO - AutoHotkey iniciado correctamente
2026-05-29 15:20:03,865 - INFO - AutoHotkey (writer) iniciado correctamente
2026-05-29 15:20:05,906 - INFO - AutoHotkey (click down) iniciado correctamente
2026-05-29 15:20:06,942 - INFO - AutoHotkey iniciado correctamente
2026-05-29 15:20:06,943 - INFO - Iniciando procesamiento de registro...
2026-05-29 15:20:06,943 - INFO - Paso 1: Click en (83, 266)
2026-05-29 15:20:08,551 - INFO - Paso 2: Presionando ENTER
2026-05-29 15:20:08,555 - INFO - Comando enviado a AHK: Presionar Enter 1 veces
2026-05-29 15:20:08,556 - INFO - Paso 2.1: Click en (168, 188)
2026-05-29 15:20:10,164 - INFO - Paso 3: Obteniendo ID con AHKManager en (1483, 519)
2026-05-29 15:20:10,170 - INFO - Comando enviado a AHK: 1483,519
2026-05-29 15:20:20,224 - ERROR - Timeout esperando respuesta de AHK
2026-05-29 15:20:20,225 - ERROR - No se pudo obtener el ID
2026-05-29 15:20:20,226 - ERROR - Procesamiento falló
2026-05-29 15:20:20,226 - INFO - Deteniendo procesos AHK...
2026-05-29 15:20:20,254 - INFO - AutoHotkey detenido correctamente
2026-05-29 15:20:20,267 - INFO - AutoHotkey (writer) detenido correctamente
2026-05-29 15:20:20,281 - INFO - AutoHotkey (click down) detenido correctamente
2026-05-29 15:20:20,296 - INFO - AutoHotkey detenido correctamente
2026-05-29 15:20:21,297 - ERROR - ❌ Programa 1 falló o no encontró ID
2026-05-29 15:20:21,332 - INFO - ============================================================
2026-05-29 15:20:21,333 - INFO - INICIANDO PROGRAMA 1 - PROCESADOR CSV
2026-05-29 15:20:21,333 - INFO - ============================================================
2026-05-29 15:20:21,841 - INFO - CSV cargado correctamente: 110 registros
2026-05-29 15:20:21,852 - INFO - CSV cargado correctamente: 110 registros
2026-05-29 15:20:21,853 - INFO - Iniciando procesos AHK...
2026-05-29 15:20:24,884 - INFO - AutoHotkey iniciado correctamente
2026-05-29 15:20:27,916 - INFO - AutoHotkey (writer) iniciado correctamente
2026-05-29 15:20:29,947 - INFO - AutoHotkey (click down) iniciado correctamente
2026-05-29 15:20:30,981 - INFO - AutoHotkey iniciado correctamente
2026-05-29 15:20:30,982 - INFO - Iniciando procesamiento de registro...
2026-05-29 15:20:30,983 - INFO - Paso 1: Click en (83, 266)
2026-05-29 15:20:32,598 - INFO - Paso 2: Presionando ENTER
2026-05-29 15:20:32,602 - INFO - Comando enviado a AHK: Presionar Enter 1 veces
2026-05-29 15:20:32,604 - INFO - Paso 2.1: Click en (168, 188)
2026-05-29 15:20:34,224 - INFO - Paso 3: Obteniendo ID con AHKManager en (1483, 519)
2026-05-29 15:20:34,232 - INFO - Comando enviado a AHK: 1483,519
2026-05-29 15:20:35,247 - INFO - Valor copiado: NACO
2026-05-29 15:20:35,247 - ERROR - Error en procesar_registro: invalid literal for int() with base 10: 'NACO'
2026-05-29 15:20:35,248 - ERROR - Procesamiento falló
2026-05-29 15:20:35,248 - INFO - Deteniendo procesos AHK...
2026-05-29 15:20:35,260 - INFO - AutoHotkey detenido correctamente
2026-05-29 15:20:35,271 - INFO - AutoHotkey (writer) detenido correctamente
2026-05-29 15:20:35,291 - INFO - AutoHotkey (click down) detenido correctamente
2026-05-29 15:20:35,305 - INFO - AutoHotkey detenido correctamente
2026-05-29 15:20:36,306 - ERROR - ❌ Programa 1 falló o no encontró ID
2026-05-29 15:20:36,338 - INFO - ============================================================
2026-05-29 15:20:36,339 - INFO - INICIANDO PROGRAMA 1 - PROCESADOR CSV
2026-05-29 15:20:36,339 - INFO - ============================================================
2026-05-29 15:20:36,852 - INFO - CSV cargado correctamente: 110 registros
2026-05-29 15:20:36,865 - INFO - CSV cargado correctamente: 110 registros
2026-05-29 15:20:36,866 - INFO - Iniciando procesos AHK...
2026-05-29 15:20:39,896 - INFO - AutoHotkey iniciado correctamente
2026-05-29 15:20:40,102 - INFO - AutoHotkey detenido correctamente
2026-05-29 15:20:42,927 - INFO - AutoHotkey (writer) iniciado correctamente
2026-05-29 15:20:44,959 - INFO - AutoHotkey (click down) iniciado correctamente
2026-05-29 15:20:45,979 - INFO - AutoHotkey iniciado correctamente
2026-05-29 15:20:45,980 - INFO - Iniciando procesamiento de registro...
2026-05-29 15:20:45,981 - INFO - Paso 1: Click en (83, 266)
2026-05-29 15:20:46,788 - ERROR - Procesamiento falló
2026-05-29 15:20:46,789 - INFO - Deteniendo procesos AHK...
2026-05-29 15:20:46,821 - INFO - AutoHotkey detenido correctamente
2026-05-29 15:20:46,847 - INFO - AutoHotkey (writer) detenido correctamente
2026-05-29 15:20:46,867 - INFO - AutoHotkey (click down) detenido correctamente
2026-05-29 15:20:46,882 - INFO - AutoHotkey detenido correctamente
2026-05-29 15:20:47,884 - ERROR - ❌ Programa 1 falló o no encontró ID
2026-05-29 15:20:47,928 - INFO - AutoHotkey detenido correctamente
2026-05-29 15:21:26,142 - INFO - Iniciando AHK desde: AutoHotkey_1.1.37.02/AutoHotkeyU64.exe
2026-05-29 15:21:29,166 - INFO - AutoHotkey iniciado correctamente
2026-05-29 15:21:29,217 - INFO - ============================================================
2026-05-29 15:21:29,217 - INFO - INICIANDO PROGRAMA 1 - PROCESADOR CSV
2026-05-29 15:21:29,218 - INFO - ============================================================
2026-05-29 15:21:29,729 - INFO - CSV cargado correctamente: 110 registros
2026-05-29 15:21:29,740 - INFO - CSV cargado correctamente: 110 registros
2026-05-29 15:21:29,741 - INFO - Iniciando procesos AHK...
2026-05-29 15:21:32,775 - INFO - AutoHotkey iniciado correctamente
2026-05-29 15:21:35,808 - INFO - AutoHotkey (writer) iniciado correctamente
2026-05-29 15:21:37,818 - INFO - AutoHotkey (click down) iniciado correctamente
2026-05-29 15:21:38,849 - INFO - AutoHotkey iniciado correctamente
2026-05-29 15:21:38,849 - INFO - Iniciando procesamiento de registro...
2026-05-29 15:21:38,849 - INFO - Paso 1: Click en (83, 266)
2026-05-29 15:21:40,464 - INFO - Paso 2: Presionando ENTER
2026-05-29 15:21:40,468 - INFO - Comando enviado a AHK: Presionar Enter 1 veces
2026-05-29 15:21:40,468 - INFO - Paso 2.1: Click en (168, 188)
2026-05-29 15:21:42,072 - INFO - Paso 3: Obteniendo ID con AHKManager en (1483, 519)
2026-05-29 15:21:42,078 - INFO - Comando enviado a AHK: 1483,519
2026-05-29 15:21:52,100 - ERROR - Timeout esperando respuesta de AHK
2026-05-29 15:21:52,101 - ERROR - No se pudo obtener el ID
2026-05-29 15:21:52,102 - ERROR - Procesamiento falló
2026-05-29 15:21:52,103 - INFO - Deteniendo procesos AHK...
2026-05-29 15:21:52,149 - INFO - AutoHotkey detenido correctamente
2026-05-29 15:21:52,182 - INFO - AutoHotkey (writer) detenido correctamente
2026-05-29 15:21:52,196 - INFO - AutoHotkey (click down) detenido correctamente
2026-05-29 15:21:52,206 - INFO - AutoHotkey detenido correctamente
2026-05-29 15:21:53,207 - ERROR - ❌ Programa 1 falló o no encontró ID
2026-05-29 15:21:53,242 - INFO - ============================================================
2026-05-29 15:21:53,242 - INFO - INICIANDO PROGRAMA 1 - PROCESADOR CSV
2026-05-29 15:21:53,243 - INFO - ============================================================
2026-05-29 15:21:53,755 - INFO - CSV cargado correctamente: 110 registros
2026-05-29 15:21:53,763 - INFO - CSV cargado correctamente: 110 registros
2026-05-29 15:21:53,763 - INFO - Iniciando procesos AHK...
2026-05-29 15:21:56,794 - INFO - AutoHotkey iniciado correctamente
2026-05-29 15:21:59,837 - INFO - AutoHotkey (writer) iniciado correctamente
2026-05-29 15:22:01,869 - INFO - AutoHotkey (click down) iniciado correctamente
2026-05-29 15:22:02,902 - INFO - AutoHotkey iniciado correctamente
2026-05-29 15:22:02,903 - INFO - Iniciando procesamiento de registro...
2026-05-29 15:22:02,904 - INFO - Paso 1: Click en (83, 266)
2026-05-29 15:22:04,523 - INFO - Paso 2: Presionando ENTER
2026-05-29 15:22:04,526 - INFO - Comando enviado a AHK: Presionar Enter 1 veces
2026-05-29 15:22:04,527 - INFO - Paso 2.1: Click en (168, 188)
2026-05-29 15:22:06,131 - INFO - Paso 3: Obteniendo ID con AHKManager en (1483, 519)
2026-05-29 15:22:06,137 - INFO - Comando enviado a AHK: 1483,519
2026-05-29 15:22:16,209 - ERROR - Timeout esperando respuesta de AHK
2026-05-29 15:22:16,210 - ERROR - No se pudo obtener el ID
2026-05-29 15:22:16,211 - ERROR - Procesamiento falló
2026-05-29 15:22:16,212 - INFO - Deteniendo procesos AHK...
2026-05-29 15:22:16,238 - INFO - AutoHotkey detenido correctamente
2026-05-29 15:22:16,251 - INFO - AutoHotkey (writer) detenido correctamente
2026-05-29 15:22:16,271 - INFO - AutoHotkey (click down) detenido correctamente
2026-05-29 15:22:16,279 - INFO - AutoHotkey detenido correctamente
2026-05-29 15:22:17,284 - ERROR - ❌ Programa 1 falló o no encontró ID
2026-05-29 15:22:17,308 - INFO - ============================================================
2026-05-29 15:22:17,309 - INFO - INICIANDO PROGRAMA 1 - PROCESADOR CSV
2026-05-29 15:22:17,310 - INFO - ============================================================
2026-05-29 15:22:17,821 - INFO - CSV cargado correctamente: 110 registros
2026-05-29 15:22:17,830 - INFO - CSV cargado correctamente: 110 registros
2026-05-29 15:22:17,831 - INFO - Iniciando procesos AHK...
2026-05-29 15:22:20,851 - INFO - AutoHotkey iniciado correctamente
2026-05-29 15:22:23,861 - INFO - AutoHotkey (writer) iniciado correctamente
2026-05-29 15:22:25,894 - INFO - AutoHotkey (click down) iniciado correctamente
2026-05-29 15:22:26,929 - INFO - AutoHotkey iniciado correctamente
2026-05-29 15:22:26,930 - INFO - Iniciando procesamiento de registro...
2026-05-29 15:22:26,930 - INFO - Paso 1: Click en (83, 266)
2026-05-29 15:22:28,536 - INFO - Paso 2: Presionando ENTER
2026-05-29 15:22:28,540 - INFO - Comando enviado a AHK: Presionar Enter 1 veces
2026-05-29 15:22:28,541 - INFO - Paso 2.1: Click en (168, 188)
2026-05-29 15:22:30,144 - INFO - Paso 3: Obteniendo ID con AHKManager en (1483, 519)
2026-05-29 15:22:30,148 - INFO - Comando enviado a AHK: 1483,519
2026-05-29 15:22:40,214 - ERROR - Timeout esperando respuesta de AHK
2026-05-29 15:22:40,215 - ERROR - No se pudo obtener el ID
2026-05-29 15:22:40,216 - ERROR - Procesamiento falló
2026-05-29 15:22:40,217 - INFO - Deteniendo procesos AHK...
2026-05-29 15:22:40,242 - INFO - AutoHotkey detenido correctamente
2026-05-29 15:22:40,262 - INFO - AutoHotkey (writer) detenido correctamente
2026-05-29 15:22:40,274 - INFO - AutoHotkey (click down) detenido correctamente
2026-05-29 15:22:40,287 - INFO - AutoHotkey detenido correctamente
2026-05-29 15:22:41,288 - ERROR - ❌ Programa 1 falló o no encontró ID
2026-05-29 15:22:41,303 - INFO - ============================================================
2026-05-29 15:22:41,303 - INFO - INICIANDO PROGRAMA 1 - PROCESADOR CSV
2026-05-29 15:22:41,304 - INFO - ============================================================
2026-05-29 15:22:41,808 - INFO - CSV cargado correctamente: 110 registros
2026-05-29 15:22:41,810 - INFO - CSV cargado correctamente: 110 registros
2026-05-29 15:22:41,811 - INFO - Iniciando procesos AHK...
2026-05-29 15:22:44,829 - INFO - AutoHotkey iniciado correctamente
2026-05-29 15:22:46,634 - INFO - AutoHotkey detenido correctamente
2026-05-29 15:22:47,859 - INFO - AutoHotkey (writer) iniciado correctamente
2026-05-29 15:22:49,879 - INFO - AutoHotkey (click down) iniciado correctamente
2026-05-29 15:22:50,899 - INFO - AutoHotkey iniciado correctamente
2026-05-29 15:22:50,900 - INFO - Iniciando procesamiento de registro...
2026-05-29 15:22:50,901 - INFO - Paso 1: Click en (83, 266)
2026-05-29 15:22:51,719 - ERROR - Procesamiento falló
2026-05-29 15:22:51,719 - INFO - Deteniendo procesos AHK...
2026-05-29 15:22:51,752 - INFO - AutoHotkey detenido correctamente
2026-05-29 15:22:51,765 - INFO - AutoHotkey (writer) detenido correctamente
2026-05-29 15:22:51,776 - INFO - AutoHotkey (click down) detenido correctamente
2026-05-29 15:22:51,788 - INFO - AutoHotkey detenido correctamente
2026-05-29 15:22:52,789 - ERROR - ❌ Programa 1 falló o no encontró ID
2026-05-29 15:22:52,815 - INFO - AutoHotkey detenido correctamente
2026-05-29 15:23:29,199 - INFO - Iniciando AHK desde: AutoHotkey_1.1.37.02/AutoHotkeyU64.exe
2026-05-29 15:23:32,218 - INFO - AutoHotkey iniciado correctamente
2026-05-29 15:23:32,273 - INFO - ============================================================
2026-05-29 15:23:32,273 - INFO - INICIANDO PROGRAMA 1 - PROCESADOR CSV
2026-05-29 15:23:32,274 - INFO - ============================================================
2026-05-29 15:23:32,789 - INFO - CSV cargado correctamente: 110 registros
2026-05-29 15:23:32,799 - INFO - CSV cargado correctamente: 110 registros
2026-05-29 15:23:32,799 - INFO - Iniciando procesos AHK...
2026-05-29 15:23:35,823 - INFO - AutoHotkey iniciado correctamente
2026-05-29 15:23:38,833 - INFO - AutoHotkey (writer) iniciado correctamente
2026-05-29 15:23:40,853 - INFO - AutoHotkey (click down) iniciado correctamente
2026-05-29 15:23:41,867 - INFO - AutoHotkey iniciado correctamente
2026-05-29 15:23:41,868 - INFO - Iniciando procesamiento de registro...
2026-05-29 15:23:41,869 - INFO - Paso 1: Click en (83, 266)
2026-05-29 15:23:43,494 - INFO - Paso 2: Presionando ENTER
2026-05-29 15:23:43,497 - INFO - Comando enviado a AHK: Presionar Enter 1 veces
2026-05-29 15:23:43,498 - INFO - Paso 2.1: Click en (168, 188)
2026-05-29 15:23:45,109 - INFO - Paso 3: Obteniendo ID con AHKManager en (1483, 519)
2026-05-29 15:23:45,119 - INFO - Comando enviado a AHK: 1483,519
2026-05-29 15:23:46,432 - INFO - Valor copiado: 90001
2026-05-29 15:23:46,432 - INFO - ID obtenido: 90001
2026-05-29 15:23:46,432 - INFO - Paso 4: Buscando ID 90001 en CSV (2 intentos máx)
2026-05-29 15:23:46,433 - INFO - ID 90001 encontrado en intento 1
2026-05-29 15:23:46,434 - INFO - Paso 5: Escribiendo valor '160' en (1483, 519)
2026-05-29 15:23:46,434 - INFO - Enviando comando a AHK: coordenadas (1483, 519), texto: '160'
2026-05-29 15:23:47,345 - INFO - Esperando respuesta AHK... (10 intentos)
2026-05-29 15:23:48,354 - INFO - Esperando respuesta AHK... (20 intentos)
2026-05-29 15:23:49,366 - INFO - Esperando respuesta AHK... (30 intentos)
2026-05-29 15:23:50,373 - INFO - Esperando respuesta AHK... (40 intentos)
2026-05-29 15:23:50,677 - INFO - Debug AHK: Texto escrito: 160

2026-05-29 15:23:50,678 - INFO - Escritura completada correctamente via AHK
2026-05-29 15:23:52,279 - INFO - Paso 6: Valor columna 4 vacío
2026-05-29 15:23:52,280 - INFO - Paso 7: Saltado (columna 4 <= 0 o vacía)
2026-05-29 15:23:52,281 - INFO - Paso 8: Click en (1290, 349)
2026-05-29 15:23:54,685 - INFO - Procesamiento completado exitosamente
2026-05-29 15:23:54,686 - INFO - Procesamiento completado. Línea procesada: 1
2026-05-29 15:23:54,686 - INFO - Deteniendo procesos AHK...
2026-05-29 15:23:54,711 - INFO - AutoHotkey detenido correctamente
2026-05-29 15:23:54,733 - INFO - AutoHotkey (writer) detenido correctamente
2026-05-29 15:23:54,756 - INFO - AutoHotkey (click down) detenido correctamente
2026-05-29 15:23:54,764 - INFO - AutoHotkey detenido correctamente
2026-05-29 15:23:55,767 - INFO - ✅ Programa 1 completado. Línea procesada: 1
2026-05-29 15:23:55,771 - INFO - 
============================================================
2026-05-29 15:23:55,771 - INFO - INICIANDO PROGRAMA 2 - AUTOMATIZACIÓN NSE
2026-05-29 15:23:55,772 - INFO - ============================================================
2026-05-29 15:23:55,785 - INFO - 🎯 Procesando línea: 1
2026-05-29 15:23:59,321 - INFO - AutoHotkey (writer) iniciado correctamente
2026-05-29 15:23:59,332 - INFO - 📊 Total de líneas en CSV: 110
2026-05-29 15:23:59,334 - INFO - 🔄 Procesando línea 1/110
2026-05-29 15:24:06,272 - INFO - 🔍 Buscando imagen: img/VentanaAsignar.png
2026-05-29 15:24:06,625 - INFO - Imagen encontrada con confianza: 0.96
2026-05-29 15:24:06,627 - INFO - ✅ Imagen detectada en el intento 1 en coordenadas: (1192, 465)
2026-05-29 15:24:06,627 - INFO - 🎯 Imagen detectada, procediendo con tipo V
2026-05-29 15:24:10,083 - INFO - Enviando comando a AHK: coordenadas (1355, 662), texto: '1'
2026-05-29 15:24:10,996 - INFO - Esperando respuesta AHK... (10 intentos)
2026-05-29 15:24:12,015 - INFO - Esperando respuesta AHK... (20 intentos)
2026-05-29 15:24:13,024 - INFO - Esperando respuesta AHK... (30 intentos)
2026-05-29 15:24:13,949 - INFO - Debug AHK: Texto escrito: 1

2026-05-29 15:24:13,950 - INFO - Escritura completada correctamente via AHK
2026-05-29 15:24:23,307 - INFO - ✅ Línea 1 completada (hasta CERRAR)
2026-05-29 15:24:23,317 - INFO - AutoHotkey (writer) detenido correctamente
2026-05-29 15:24:23,318 - INFO - ✅ Programa 2 finalizado exitosamente
2026-05-29 15:24:23,318 - INFO - 
============================================================
2026-05-29 15:24:23,319 - INFO - INICIANDO PROGRAMA 3 - SERVICIOS NSE
2026-05-29 15:24:23,319 - INFO - ============================================================
2026-05-29 15:24:23,320 - INFO - 🎯 Procesando línea: 1
2026-05-29 15:24:26,334 - INFO - AutoHotkey (writer) iniciado correctamente
2026-05-29 15:24:28,364 - INFO - AutoHotkey (click down) iniciado correctamente
2026-05-29 15:24:29,398 - INFO - AutoHotkey iniciado correctamente
2026-05-29 15:24:29,399 - INFO - ✅ Todos los servicios AHK iniciados correctamente
2026-05-29 15:24:29,405 - INFO - 📊 Total de líneas en CSV: 110
2026-05-29 15:24:29,406 - INFO - 🎯 PROCESANDO LÍNEA ESPECÍFICA: 1/110
2026-05-29 15:24:29,407 - INFO - ✅ Línea 1 tiene servicios para procesar
2026-05-29 15:24:34,495 - INFO - 🔍 Buscando ventana de servicios...
2026-05-29 15:24:34,496 - INFO - 🔍 Buscando imagen: img/ventanaAdministracion4.PNG
2026-05-29 15:24:34,784 - INFO - ✅ Imagen encontrada en intento 1 - Coordenadas: (10, 26) - Confianza: 0.93
2026-05-29 15:24:34,785 - INFO - ✅ Coordenadas actualizadas a relativas
2026-05-29 15:24:39,852 - INFO - Procesando servicios para línea 1
2026-05-29 15:24:39,853 - INFO -   └─ Procesando VOZ COBRE TELMEX: 1.0
2026-05-29 15:24:44,918 - INFO - Usando coordenadas relativas para escribir: (118, 376)
2026-05-29 15:24:44,919 - INFO - Enviando comando a AHK: coordenadas (118, 376), texto: '1'
2026-05-29 15:24:45,843 - INFO - Esperando respuesta AHK... (10 intentos)
2026-05-29 15:24:46,853 - INFO - Esperando respuesta AHK... (20 intentos)
2026-05-29 15:24:47,876 - INFO - Esperando respuesta AHK... (30 intentos)
2026-05-29 15:24:48,896 - INFO - Esperando respuesta AHK... (40 intentos)
2026-05-29 15:24:49,106 - INFO - Debug AHK: Texto escrito: 1

2026-05-29 15:24:49,107 - INFO - Escritura completada correctamente via AHK
2026-05-29 15:24:49,108 - INFO - ✅ Texto escrito exitosamente: 1
2026-05-29 15:24:50,710 - INFO - Escribió cantidad de VOZ COBRE TELMEX: 1
2026-05-29 15:25:24,327 - INFO -   └─ Procesando VETV: 1.0
2026-05-29 15:25:29,402 - INFO - Comando click+down enviado a AHK: 131|262|3
2026-05-29 15:25:31,118 - INFO - Click + Down ejecutado correctamente
2026-05-29 15:25:31,121 - INFO - Comando enviado a AHK: Presionar Enter 1 veces
2026-05-29 15:25:31,126 - INFO - Comando click+down enviado a AHK: 131|287|2
2026-05-29 15:25:32,753 - INFO - Click + Down ejecutado correctamente
2026-05-29 15:25:32,756 - INFO - Comando enviado a AHK: Presionar Enter 1 veces
2026-05-29 15:25:32,762 - INFO - Comando click+down enviado a AHK: 131|316|5
2026-05-29 15:25:35,217 - INFO - Click + Down ejecutado correctamente
2026-05-29 15:25:35,219 - INFO - Comando enviado a AHK: Presionar Enter 1 veces
2026-05-29 15:25:38,432 - INFO - Usando coordenadas relativas para escribir: (118, 376)
2026-05-29 15:25:38,434 - INFO - Enviando comando a AHK: coordenadas (118, 376), texto: '1'
2026-05-29 15:25:39,353 - INFO - Esperando respuesta AHK... (10 intentos)
2026-05-29 15:25:40,362 - INFO - Esperando respuesta AHK... (20 intentos)
2026-05-29 15:25:41,383 - INFO - Esperando respuesta AHK... (30 intentos)
2026-05-29 15:25:42,406 - INFO - Esperando respuesta AHK... (40 intentos)
2026-05-29 15:25:42,721 - INFO - Debug AHK: Texto escrito: 1
Texto escrito: 1

2026-05-29 15:25:42,721 - INFO - Escritura completada correctamente via AHK
2026-05-29 15:25:42,722 - INFO - ✅ Texto escrito exitosamente: 1
2026-05-29 15:25:44,333 - INFO - Escribió cantidad de VETV: 1
2026-05-29 15:26:25,397 - INFO - ✅ Línea 1 completada: 2 servicios procesados
2026-05-29 15:26:25,398 - INFO - ✅ Programa 3 completado exitosamente
2026-05-29 15:26:25,429 - INFO - AutoHotkey (writer) detenido correctamente
2026-05-29 15:26:25,458 - INFO - AutoHotkey (click down) detenido correctamente
2026-05-29 15:26:25,470 - INFO - AutoHotkey detenido correctamente
2026-05-29 15:26:25,471 - INFO - ✅ Todos los servicios AHK detenidos correctamente
2026-05-29 15:26:25,472 - INFO - 
============================================================
2026-05-29 15:26:25,472 - INFO - INICIANDO PROGRAMA 4 - AUTOMATIZACIÓN GE
2026-05-29 15:26:25,473 - INFO - ============================================================
2026-05-29 15:26:25,482 - INFO - 🎯 Procesando línea: 1
2026-05-29 15:26:25,483 - INFO - 📁 Archivo KML base: NN
2026-05-29 15:26:29,017 - INFO - AutoHotkey (writer) iniciado correctamente
2026-05-29 15:26:29,029 - INFO - 📊 Total de líneas en CSV: 110
2026-05-29 15:26:29,030 - INFO - ⚠️  Columna 27 vacía, no es 1 o no existe en fila 0, saltando...
2026-05-29 15:26:31,062 - INFO - AutoHotkey (click down) iniciado correctamente
2026-05-29 15:26:31,067 - INFO - Comando click+down enviado a AHK: 83|266|1
2026-05-29 15:26:32,188 - INFO - Click + Down ejecutado correctamente
2026-05-29 15:26:32,210 - INFO - AutoHotkey (click down) detenido correctamente
2026-05-29 15:26:32,211 - INFO - ✅ Flecha abajo presionada con AHK
2026-05-29 15:26:35,241 - INFO - AutoHotkey iniciado correctamente
2026-05-29 15:26:35,244 - INFO - Comando enviado a AHK: Presionar Enter 1 veces
2026-05-29 15:26:35,267 - INFO - AutoHotkey detenido correctamente
2026-05-29 15:26:36,268 - INFO - ⚠️  Valores inválidos en fila 0. Línea 1 saltada.
2026-05-29 15:26:36,290 - INFO - AutoHotkey (writer) detenido correctamente
2026-05-29 15:26:36,290 - INFO - AutoHotkey detenido correctamente
2026-05-29 15:26:36,291 - INFO - AutoHotkey (click down) detenido correctamente
2026-05-29 15:26:36,291 - INFO - ✅ Programa 4 finalizado exitosamente
2026-05-29 15:26:36,303 - INFO - ============================================================
2026-05-29 15:26:36,304 - INFO - INICIANDO PROGRAMA 1 - PROCESADOR CSV
2026-05-29 15:26:36,305 - INFO - ============================================================
2026-05-29 15:26:36,816 - INFO - CSV cargado correctamente: 110 registros
2026-05-29 15:26:36,828 - INFO - CSV cargado correctamente: 110 registros
2026-05-29 15:26:36,829 - INFO - Iniciando procesos AHK...
2026-05-29 15:26:39,860 - INFO - AutoHotkey iniciado correctamente
2026-05-29 15:26:42,883 - INFO - AutoHotkey (writer) iniciado correctamente
2026-05-29 15:26:44,916 - INFO - AutoHotkey (click down) iniciado correctamente
2026-05-29 15:26:45,927 - INFO - AutoHotkey iniciado correctamente
2026-05-29 15:26:45,928 - INFO - Iniciando procesamiento de registro...
2026-05-29 15:26:45,929 - INFO - Paso 1: Click en (83, 266)
2026-05-29 15:26:47,539 - INFO - Paso 2: Presionando ENTER
2026-05-29 15:26:47,542 - INFO - Comando enviado a AHK: Presionar Enter 1 veces
2026-05-29 15:26:47,543 - INFO - Paso 2.1: Click en (168, 188)
2026-05-29 15:26:49,147 - INFO - Paso 3: Obteniendo ID con AHKManager en (1483, 519)
2026-05-29 15:26:49,154 - INFO - Comando enviado a AHK: 1483,519
2026-05-29 15:26:59,224 - ERROR - Timeout esperando respuesta de AHK
2026-05-29 15:26:59,225 - ERROR - No se pudo obtener el ID
2026-05-29 15:26:59,226 - ERROR - Procesamiento falló
2026-05-29 15:26:59,226 - INFO - Deteniendo procesos AHK...
2026-05-29 15:26:59,256 - INFO - AutoHotkey detenido correctamente
2026-05-29 15:26:59,280 - INFO - AutoHotkey (writer) detenido correctamente
2026-05-29 15:26:59,321 - INFO - AutoHotkey (click down) detenido correctamente
2026-05-29 15:26:59,342 - INFO - AutoHotkey detenido correctamente
2026-05-29 15:27:00,342 - ERROR - ❌ Programa 1 falló o no encontró ID
2026-05-29 15:27:00,349 - INFO - ============================================================
2026-05-29 15:27:00,350 - INFO - INICIANDO PROGRAMA 1 - PROCESADOR CSV
2026-05-29 15:27:00,350 - INFO - ============================================================
2026-05-29 15:27:00,861 - INFO - CSV cargado correctamente: 110 registros
2026-05-29 15:27:00,870 - INFO - CSV cargado correctamente: 110 registros
2026-05-29 15:27:00,870 - INFO - Iniciando procesos AHK...
2026-05-29 15:27:03,899 - INFO - AutoHotkey iniciado correctamente
2026-05-29 15:27:06,933 - INFO - AutoHotkey (writer) iniciado correctamente
2026-05-29 15:27:08,958 - INFO - AutoHotkey (click down) iniciado correctamente
2026-05-29 15:27:09,991 - INFO - AutoHotkey iniciado correctamente
2026-05-29 15:27:09,992 - INFO - Iniciando procesamiento de registro...
2026-05-29 15:27:09,993 - INFO - Paso 1: Click en (83, 266)
2026-05-29 15:27:11,602 - INFO - Paso 2: Presionando ENTER
2026-05-29 15:27:11,606 - INFO - Comando enviado a AHK: Presionar Enter 1 veces
2026-05-29 15:27:11,607 - INFO - Paso 2.1: Click en (168, 188)
2026-05-29 15:27:13,223 - INFO - Paso 3: Obteniendo ID con AHKManager en (1483, 519)
2026-05-29 15:27:13,227 - INFO - Comando enviado a AHK: 1483,519
2026-05-29 15:27:14,445 - INFO - Valor copiado: 160					RESIDENCIAL	NACO	SONORA
90002 					RESIDENCIAL	NACO	SONORA
90003 					RESIDENCIAL	NACO	SONORA
90004 					RESIDENCIAL	NACO	SONORA
90005 					RESIDENCIAL	NACO	SONORA
90006 					RESIDENCIAL	NACO	SONORA
90007 					RESIDENCIAL	NACO	SONORA
90008 					RESIDENCIAL	NACO	SONORA
90009 					RESIDENCIAL	NACO	SONORA
90010 					RESIDENCIAL	NACO	SONORA
90011 					RESIDENCIAL	NACO	SONORA
90012 					RESIDENCIAL	NACO	SONORA
90013 					RESIDENCIAL	NACO	SONORA
90014 					RESIDENCIAL	NACO	SONORA
90015 					RESIDENCIAL	NACO	SONORA
90016 					RESIDENCIAL	NACO	SONORA
90017 					RESIDENCIAL	NACO	SONORA
90018 					RESIDENCIAL	NACO	SONORA
90019 					RESIDENCIAL	NACO	SONORA
90020 					RESIDENCIAL	NACO	SONORA
90021 					RESIDENCIAL	NACO	SONORA
90022 					RESIDENCIAL	NACO	SONORA
90023 					RESIDENCIAL	NACO	SONORA
90024 					RESIDENCIAL	NACO	SONORA
90025 					RESIDENCIAL	NACO	SONORA
90026 					RESIDENCIAL	NACO	SONORA
90027 					RESIDENCIAL	NACO	SONORA
90028 					RESIDENCIAL	NACO	SONORA
90029 					RESIDENCIAL	NACO	SONORA
90030 					RESIDENCIAL	NACO	SONORA
90031 					RESIDENCIAL	NACO	SONORA
90032 					RESIDENCIAL	NACO	SONORA
90033 					RESIDENCIAL	NACO	SONORA
90034 					RESIDENCIAL	NACO	SONORA
90035 					RESIDENCIAL	NACO	SONORA
90036 					RESIDENCIAL	NACO	SONORA
90037 					RESIDENCIAL	NACO	SONORA
90038 					RESIDENCIAL	NACO	SONORA
90039 					RESIDENCIAL	NACO	SONORA
90040 					RESIDENCIAL	NACO	SONORA
90041 					RESIDENCIAL	NACO	SONORA
90042 					RESIDENCIAL	NACO	SONORA
90043 					RESIDENCIAL	NACO	SONORA
90044 					RESIDENCIAL	NACO	SONORA
90045 					RESIDENCIAL	NACO	SONORA
90046 					RESIDENCIAL	NACO	SONORA
90047 					RESIDENCIAL	NACO	SONORA
90048 					RESIDENCIAL	NACO	SONORA
90049 					RESIDENCIAL	NACO	SONORA
90050 					RESIDENCIAL	NACO	SONORA
90051 					RESIDENCIAL	NACO	SONORA
90052 					RESIDENCIAL	NACO	SONORA
90053 					RESIDENCIAL	NACO	SONORA
90054 					RESIDENCIAL	NACO	SONORA
90055 					RESIDENCIAL	NACO	SONORA
90056 					RESIDENCIAL	NACO	SONORA
90057 					RESIDENCIAL	NACO	SONORA
90058 					RESIDENCIAL	NACO	SONORA
90059 					RESIDENCIAL	NACO	SONORA
90060 					RESIDENCIAL	NACO	SONORA
90061 					RESIDENCIAL	NACO	SONORA
90062 					RESIDENCIAL	NACO	SONORA
90063 					RESIDENCIAL	NACO	SONORA
90064 					RESIDENCIAL	NACO	SONORA
90065 					RESIDENCIAL	NACO	SONORA
90066 					RESIDENCIAL	NACO	SONORA
90067 					RESIDENCIAL	NACO	SONORA
90068 					RESIDENCIAL	NACO	SONORA
90069 					RESIDENCIAL	NACO	SONORA
90070 					RESIDENCIAL	NACO	SONORA
90071 					RESIDENCIAL	NACO	SONORA
90072 					RESIDENCIAL	NACO	SONORA
90073 					RESIDENCIAL	NACO	SONORA
90074 					RESIDENCIAL	NACO	SONORA
90075 					RESIDENCIAL	NACO	SONORA
90076 					RESIDENCIAL	NACO	SONORA
90077 					RESIDENCIAL	NACO	SONORA
90078 					RESIDENCIAL	NACO	SONORA
90079 					RESIDENCIAL	NACO	SONORA
90080 					RESIDENCIAL	NACO	SONORA
90081 					RESIDENCIAL	NACO	SONORA
90082 					RESIDENCIAL	NACO	SONORA
90083 					RESIDENCIAL	NACO	SONORA
90084 					RESIDENCIAL	NACO	SONORA
90085 					RESIDENCIAL	NACO	SONORA
90086 					RESIDENCIAL	NACO	SONORA
90087 					RESIDENCIAL	NACO	SONORA
90088 					RESIDENCIAL	NACO	SONORA
90089 					RESIDENCIAL	NACO	SONORA
90090 					RESIDENCIAL	NACO	SONORA
90091 					RESIDENCIAL	NACO	SONORA
90092 					RESIDENCIAL	NACO	SONORA
90093 					RESIDENCIAL	NACO	SONORA
90094 					RESIDENCIAL	NACO	SONORA
90095 					RESIDENCIAL	NACO	SONORA
90096 					RESIDENCIAL	NACO	SONORA
90097 					RESIDENCIAL	NACO	SONORA
90098 					RESIDENCIAL	NACO	SONORA
90099 					RESIDENCIAL	NACO	SONORA
90100 					RESIDENCIAL	NACO	SONORA
90101 					RESIDENCIAL	NACO	SONORA
90102 					RESIDENCIAL	NACO	SONORA
90103 					RESIDENCIAL	NACO	SONORA
90104 					RESIDENCIAL	NACO	SONORA
90105 					RESIDENCIAL	NACO	SONORA
90106 					RESIDENCIAL	NACO	SONORA
90107 					RESIDENCIAL	NACO	SONORA
90108 					RESIDENCIAL	NACO	SONORA
90109 					RESIDENCIAL	NACO	SONORA
90110 					RESIDENCIAL	NACO	SONORA
2026-05-29 15:27:14,447 - ERROR - Error en procesar_registro: invalid literal for int() with base 10: '160\t\t\t\t\tRESIDENCIAL\tNACO\tSONORA\n90002 \t\t\t\t\tRESIDENCIAL\tNACO\tSONORA\n90003 \t\t\t\t\tRESIDENCIAL\tNACO\tSONORA\n90004 \t\t\t\t\tRESIDENCIAL\tNACO\tSONORA\n90005 \t\t\t\t\tRESIDENCIAL\tN
2026-05-29 15:27:14,448 - ERROR - Procesamiento falló
2026-05-29 15:27:14,449 - INFO - Deteniendo procesos AHK...
2026-05-29 15:27:14,473 - INFO - AutoHotkey detenido correctamente
2026-05-29 15:27:14,517 - INFO - AutoHotkey (writer) detenido correctamente
2026-05-29 15:27:14,531 - INFO - AutoHotkey (click down) detenido correctamente
2026-05-29 15:27:14,546 - INFO - AutoHotkey detenido correctamente
2026-05-29 15:27:15,548 - ERROR - ❌ Programa 1 falló o no encontró ID
2026-05-29 15:27:15,579 - INFO - ============================================================
2026-05-29 15:27:15,580 - INFO - INICIANDO PROGRAMA 1 - PROCESADOR CSV
2026-05-29 15:27:15,580 - INFO - ============================================================
2026-05-29 15:27:16,094 - INFO - CSV cargado correctamente: 110 registros
2026-05-29 15:27:16,104 - INFO - CSV cargado correctamente: 110 registros
2026-05-29 15:27:16,105 - INFO - Iniciando procesos AHK...
2026-05-29 15:27:19,136 - INFO - AutoHotkey iniciado correctamente
2026-05-29 15:27:22,168 - INFO - AutoHotkey (writer) iniciado correctamente
2026-05-29 15:27:24,199 - INFO - AutoHotkey (click down) iniciado correctamente
2026-05-29 15:27:25,229 - INFO - AutoHotkey iniciado correctamente
2026-05-29 15:27:25,230 - INFO - Iniciando procesamiento de registro...
2026-05-29 15:27:25,231 - INFO - Paso 1: Click en (83, 266)
2026-05-29 15:27:26,848 - INFO - Paso 2: Presionando ENTER
2026-05-29 15:27:26,849 - INFO - Comando enviado a AHK: Presionar Enter 1 veces
2026-05-29 15:27:26,849 - INFO - Paso 2.1: Click en (168, 188)
2026-05-29 15:27:28,451 - INFO - Paso 3: Obteniendo ID con AHKManager en (1483, 519)
2026-05-29 15:27:28,459 - INFO - Comando enviado a AHK: 1483,519
2026-05-29 15:27:29,580 - INFO - Valor copiado: 90002
2026-05-29 15:27:29,582 - INFO - ID obtenido: 90002
2026-05-29 15:27:29,582 - INFO - Paso 4: Buscando ID 90002 en CSV (2 intentos máx)
2026-05-29 15:27:29,586 - INFO - ID 90002 encontrado en intento 1
2026-05-29 15:27:29,588 - INFO - Paso 5: Escribiendo valor '150' en (1483, 519)
2026-05-29 15:27:29,588 - INFO - Enviando comando a AHK: coordenadas (1483, 519), texto: '150'
2026-05-29 15:27:30,499 - INFO - Esperando respuesta AHK... (10 intentos)
2026-05-29 15:27:31,515 - INFO - Esperando respuesta AHK... (20 intentos)
2026-05-29 15:27:32,529 - INFO - Esperando respuesta AHK... (30 intentos)
2026-05-29 15:27:33,542 - INFO - Debug AHK: Texto escrito: 90002

2026-05-29 15:27:33,543 - INFO - Escritura completada correctamente via AHK
2026-05-29 15:27:35,145 - INFO - Paso 6: Valor columna 4 vacío
2026-05-29 15:27:35,146 - INFO - Paso 7: Saltado (columna 4 <= 0 o vacía)
2026-05-29 15:27:35,147 - INFO - Paso 8: Click en (1290, 349)
2026-05-29 15:27:37,550 - INFO - Procesamiento completado exitosamente
2026-05-29 15:27:37,551 - INFO - Procesamiento completado. Línea procesada: 2
2026-05-29 15:27:37,552 - INFO - Deteniendo procesos AHK...
2026-05-29 15:27:37,577 - INFO - AutoHotkey detenido correctamente
2026-05-29 15:27:37,601 - INFO - AutoHotkey (writer) detenido correctamente
2026-05-29 15:27:37,627 - INFO - AutoHotkey (click down) detenido correctamente
2026-05-29 15:27:37,641 - INFO - AutoHotkey detenido correctamente
2026-05-29 15:27:38,642 - INFO - ✅ Programa 1 completado. Línea procesada: 2
2026-05-29 15:27:38,645 - INFO - 
============================================================
2026-05-29 15:27:38,646 - INFO - INICIANDO PROGRAMA 2 - AUTOMATIZACIÓN NSE
2026-05-29 15:27:38,646 - INFO - ============================================================
2026-05-29 15:27:38,661 - INFO - 🎯 Procesando línea: 2
2026-05-29 15:27:42,195 - INFO - AutoHotkey (writer) iniciado correctamente
2026-05-29 15:27:42,207 - INFO - 📊 Total de líneas en CSV: 110
2026-05-29 15:27:42,209 - INFO - 🔄 Procesando línea 2/110
2026-05-29 15:27:49,139 - INFO - 🔍 Buscando imagen: img/VentanaAsignar.png
2026-05-29 15:27:49,438 - INFO - Imagen encontrada con confianza: 0.99
2026-05-29 15:27:49,439 - INFO - ✅ Imagen detectada en el intento 1 en coordenadas: (1192, 465)
2026-05-29 15:27:49,440 - INFO - 🎯 Imagen detectada, procediendo con tipo V
2026-05-29 15:27:52,899 - INFO - Enviando comando a AHK: coordenadas (1355, 662), texto: '1'
2026-05-29 15:27:53,817 - INFO - Esperando respuesta AHK... (10 intentos)
2026-05-29 15:27:54,842 - INFO - Esperando respuesta AHK... (20 intentos)
2026-05-29 15:27:55,862 - INFO - Esperando respuesta AHK... (30 intentos)
2026-05-29 15:27:56,776 - INFO - Debug AHK: Texto escrito: 1

2026-05-29 15:27:56,777 - INFO - Escritura completada correctamente via AHK
2026-05-29 15:28:06,110 - INFO - ✅ Línea 2 completada (hasta CERRAR)
2026-05-29 15:28:06,134 - INFO - AutoHotkey (writer) detenido correctamente
2026-05-29 15:28:06,135 - INFO - ✅ Programa 2 finalizado exitosamente
2026-05-29 15:28:06,137 - INFO - 
============================================================
2026-05-29 15:28:06,137 - INFO - INICIANDO PROGRAMA 3 - SERVICIOS NSE
2026-05-29 15:28:06,138 - INFO - ============================================================
2026-05-29 15:28:06,139 - INFO - 🎯 Procesando línea: 2
2026-05-29 15:28:09,168 - INFO - AutoHotkey (writer) iniciado correctamente
2026-05-29 15:28:11,197 - INFO - AutoHotkey (click down) iniciado correctamente
2026-05-29 15:28:12,229 - INFO - AutoHotkey iniciado correctamente
2026-05-29 15:28:12,230 - INFO - ✅ Todos los servicios AHK iniciados correctamente
2026-05-29 15:28:12,242 - INFO - 📊 Total de líneas en CSV: 110
2026-05-29 15:28:12,242 - INFO - 🎯 PROCESANDO LÍNEA ESPECÍFICA: 2/110
2026-05-29 15:28:12,244 - INFO - ✅ Línea 2 tiene servicios para procesar
2026-05-29 15:28:17,311 - INFO - 🔍 Buscando ventana de servicios...
2026-05-29 15:28:17,312 - INFO - 🔍 Buscando imagen: img/ventanaAdministracion4.PNG
2026-05-29 15:28:17,626 - INFO - ✅ Imagen encontrada en intento 1 - Coordenadas: (10, 26) - Confianza: 0.93
2026-05-29 15:28:17,628 - INFO - ✅ Coordenadas actualizadas a relativas
2026-05-29 15:28:22,694 - INFO - Procesando servicios para línea 2
2026-05-29 15:28:22,695 - INFO -   └─ Procesando VOZ COBRE TELMEX: 1.0
2026-05-29 15:28:27,754 - INFO - Usando coordenadas relativas para escribir: (118, 376)
2026-05-29 15:28:27,756 - INFO - Enviando comando a AHK: coordenadas (118, 376), texto: '1'
2026-05-29 15:28:28,680 - INFO - Esperando respuesta AHK... (10 intentos)
2026-05-29 15:28:29,695 - INFO - Esperando respuesta AHK... (20 intentos)
2026-05-29 15:28:30,710 - INFO - Esperando respuesta AHK... (30 intentos)
2026-05-29 15:28:31,733 - INFO - Esperando respuesta AHK... (40 intentos)
2026-05-29 15:28:31,839 - INFO - Debug AHK: Texto escrito: 1

2026-05-29 15:28:31,839 - INFO - Escritura completada correctamente via AHK
2026-05-29 15:28:31,840 - INFO - ✅ Texto escrito exitosamente: 1
2026-05-29 15:28:33,442 - INFO - Escribió cantidad de VOZ COBRE TELMEX: 1
2026-05-29 15:29:07,050 - INFO -   └─ Procesando VETV: 1.0
2026-05-29 15:29:12,129 - INFO - Comando click+down enviado a AHK: 131|262|3
2026-05-29 15:29:14,067 - INFO - Click + Down ejecutado correctamente
2026-05-29 15:29:14,070 - INFO - Comando enviado a AHK: Presionar Enter 1 veces
2026-05-29 15:29:14,076 - INFO - Comando click+down enviado a AHK: 131|287|2
2026-05-29 15:29:15,707 - INFO - Click + Down ejecutado correctamente
2026-05-29 15:29:15,711 - INFO - Comando enviado a AHK: Presionar Enter 1 veces
2026-05-29 15:29:15,716 - INFO - Comando click+down enviado a AHK: 131|316|5
2026-05-29 15:29:18,159 - INFO - Click + Down ejecutado correctamente
2026-05-29 15:29:18,162 - INFO - Comando enviado a AHK: Presionar Enter 1 veces
2026-05-29 15:29:21,364 - INFO - Usando coordenadas relativas para escribir: (118, 376)
2026-05-29 15:29:21,366 - INFO - Enviando comando a AHK: coordenadas (118, 376), texto: '1'
2026-05-29 15:29:22,277 - INFO - Esperando respuesta AHK... (10 intentos)
2026-05-29 15:29:23,296 - INFO - Esperando respuesta AHK... (20 intentos)
2026-05-29 15:29:24,306 - INFO - Esperando respuesta AHK... (30 intentos)
2026-05-29 15:29:25,316 - INFO - Esperando respuesta AHK... (40 intentos)
2026-05-29 15:29:25,423 - INFO - Debug AHK: Texto escrito: 1
Texto escrito: 

2026-05-29 15:29:25,424 - INFO - Escritura completada correctamente via AHK
2026-05-29 15:29:25,425 - INFO - ✅ Texto escrito exitosamente: 1
2026-05-29 15:29:27,027 - INFO - Escribió cantidad de VETV: 1
2026-05-29 15:30:08,106 - INFO - ✅ Línea 2 completada: 2 servicios procesados
2026-05-29 15:30:08,107 - INFO - ✅ Programa 3 completado exitosamente
2026-05-29 15:30:08,133 - INFO - AutoHotkey (writer) detenido correctamente
2026-05-29 15:30:08,143 - INFO - AutoHotkey (click down) detenido correctamente
2026-05-29 15:30:08,156 - INFO - AutoHotkey detenido correctamente
2026-05-29 15:30:08,157 - INFO - ✅ Todos los servicios AHK detenidos correctamente
2026-05-29 15:30:08,158 - INFO - 
============================================================
2026-05-29 15:30:08,158 - INFO - INICIANDO PROGRAMA 4 - AUTOMATIZACIÓN GE
2026-05-29 15:30:08,159 - INFO - ============================================================
2026-05-29 15:30:08,165 - INFO - 🎯 Procesando línea: 2
2026-05-29 15:30:08,165 - INFO - 📁 Archivo KML base: NN
2026-05-29 15:30:11,703 - INFO - AutoHotkey (writer) iniciado correctamente
2026-05-29 15:30:11,714 - INFO - 📊 Total de líneas en CSV: 110
2026-05-29 15:30:11,715 - INFO - 🔄 Procesando línea 2/110
2026-05-29 15:30:11,717 - INFO - 📁 Archivo a cargar: NN 26.kml
2026-05-29 15:30:11,718 - INFO - 📝 Texto adicional: 'CONST.'
2026-05-29 15:30:12,785 - INFO - Click en (327, 381)
2026-05-29 15:30:16,852 - INFO - Click en (1396, 608)
2026-05-29 15:30:20,913 - INFO - Click en (1406, 634)
2026-05-29 15:30:24,215 - INFO - Ventana encontrada con confianza: 1.00
2026-05-29 15:30:24,217 - INFO - Coordenadas ventana: x=1040, y=330
2026-05-29 15:30:24,217 - INFO - Coordenadas botón documentos: x=1104, y=645
2026-05-29 15:30:25,018 - INFO - Click realizado en botón documentos
2026-05-29 15:30:25,019 - INFO - Coordenadas campo texto: x=1334, y=830
2026-05-29 15:30:27,029 - INFO - AutoHotkey iniciado correctamente
2026-05-29 15:30:27,039 - INFO - Comando enviado a AHK: 1334,830,NN 26.kml
2026-05-29 15:30:27,040 - INFO - Nombre del archivo escrito exitosamente
2026-05-29 15:30:28,652 - INFO - AutoHotkey detenido correctamente
2026-05-29 15:30:28,652 - INFO - Resultado de cargar archivo: Éxito
2026-05-29 15:30:29,662 - INFO - AutoHotkey iniciado correctamente
2026-05-29 15:30:29,665 - INFO - Comando enviado a AHK: Presionar Enter 1 veces
2026-05-29 15:30:29,699 - INFO - AutoHotkey detenido correctamente
2026-05-29 15:30:33,792 - INFO - Click en (327, 381)
2026-05-29 15:30:37,857 - INFO - Click en (1406, 675)
2026-05-29 15:30:41,922 - INFO - Click en (83, 266)
2026-05-29 15:30:44,925 - INFO - Cerrando la ventana de archivo
2026-05-29 15:30:45,989 - INFO - Click en (1530, 555)
2026-05-29 15:30:51,063 - INFO - Click en (168, 188)
2026-05-29 15:30:55,128 - INFO - Click en (1366, 384)
2026-05-29 15:30:59,186 - INFO - Click en (1449, 452)
2026-05-29 15:31:02,194 - INFO - 🔍 Buscando imagen: img/textoAdicional.PNG
2026-05-29 15:31:02,498 - INFO - ✅ Imagen encontrada con confianza: 0.93
2026-05-29 15:31:02,500 - INFO - ✅ Imagen detectada en el intento 1 en coordenadas: (1191, 464)
2026-05-29 15:31:02,500 - INFO - 📝 Intentando escribir texto: 'CONST.' en coordenadas (1421, 530)
2026-05-29 15:31:02,501 - INFO - AHK Writer ya está en ejecución
2026-05-29 15:31:02,501 - INFO - Enviando comando a AHK: coordenadas (1421, 530), texto: 'CONST.'
2026-05-29 15:31:03,418 - INFO - Esperando respuesta AHK... (10 intentos)
2026-05-29 15:31:04,447 - INFO - Esperando respuesta AHK... (20 intentos)
2026-05-29 15:31:05,467 - INFO - Esperando respuesta AHK... (30 intentos)
2026-05-29 15:31:06,494 - INFO - Debug AHK: Texto escrito: CONST.

2026-05-29 15:31:06,494 - INFO - Escritura completada correctamente via AHK
2026-05-29 15:31:06,540 - INFO - AutoHotkey (writer) detenido correctamente
2026-05-29 15:31:06,541 - INFO - ✅ Texto escrito exitosamente: 'CONST.'
2026-05-29 15:31:09,611 - INFO - Click en (1255, 564)
2026-05-29 15:31:14,672 - INFO - Click en (1330, 562)
2026-05-29 15:31:17,738 - INFO - Click en (360, 980)
2026-05-29 15:31:20,798 - INFO - Click en (83, 266)
2026-05-29 15:31:25,829 - INFO - AutoHotkey (click down) iniciado correctamente
2026-05-29 15:31:25,834 - INFO - Comando click+down enviado a AHK: 83|266|1
2026-05-29 15:31:26,955 - INFO - Click + Down ejecutado correctamente
2026-05-29 15:31:26,981 - INFO - AutoHotkey (click down) detenido correctamente
2026-05-29 15:31:26,982 - INFO - ✅ Flecha abajo presionada con AHK
2026-05-29 15:31:28,272 - INFO - Ventana de error detectada con confianza: 0.94
2026-05-29 15:31:29,282 - INFO - AutoHotkey iniciado correctamente
2026-05-29 15:31:29,284 - INFO - Comando enviado a AHK: Presionar Enter 1 veces
2026-05-29 15:31:31,686 - INFO - Ventana de error detectada y cerrada
2026-05-29 15:31:31,718 - INFO - AutoHotkey detenido correctamente
2026-05-29 15:31:31,727 - INFO - ✅ Ventana de error detectada y cerrada
2026-05-29 15:31:32,754 - INFO - AutoHotkey iniciado correctamente
2026-05-29 15:31:32,757 - INFO - Comando enviado a AHK: Presionar Enter 1 veces
2026-05-29 15:31:32,795 - INFO - AutoHotkey detenido correctamente
2026-05-29 15:31:32,796 - INFO - ✅ Línea 2 completada exitosamente
2026-05-29 15:31:32,796 - INFO - AutoHotkey detenido correctamente
2026-05-29 15:31:32,796 - INFO - AutoHotkey detenido correctamente
2026-05-29 15:31:32,797 - INFO - AutoHotkey (click down) detenido correctamente
2026-05-29 15:31:32,797 - INFO - ✅ Programa 4 finalizado exitosamente
2026-05-29 15:31:32,808 - INFO - ============================================================
2026-05-29 15:31:32,808 - INFO - INICIANDO PROGRAMA 1 - PROCESADOR CSV
2026-05-29 15:31:32,809 - INFO - ============================================================
2026-05-29 15:31:33,317 - INFO - CSV cargado correctamente: 110 registros
2026-05-29 15:31:33,324 - INFO - CSV cargado correctamente: 110 registros
2026-05-29 15:31:33,325 - INFO - Iniciando procesos AHK...
2026-05-29 15:31:36,355 - INFO - AutoHotkey iniciado correctamente
2026-05-29 15:31:39,390 - INFO - AutoHotkey (writer) iniciado correctamente
2026-05-29 15:31:41,423 - INFO - AutoHotkey (click down) iniciado correctamente
2026-05-29 15:31:42,459 - INFO - AutoHotkey iniciado correctamente
2026-05-29 15:31:42,459 - INFO - Iniciando procesamiento de registro...
2026-05-29 15:31:42,459 - INFO - Paso 1: Click en (83, 266)
2026-05-29 15:31:44,072 - INFO - Paso 2: Presionando ENTER
2026-05-29 15:31:44,076 - INFO - Comando enviado a AHK: Presionar Enter 1 veces
2026-05-29 15:31:44,077 - INFO - Paso 2.1: Click en (168, 188)
2026-05-29 15:31:45,682 - INFO - Paso 3: Obteniendo ID con AHKManager en (1483, 519)
2026-05-29 15:31:45,692 - INFO - Comando enviado a AHK: 1483,519
2026-05-29 15:31:55,752 - ERROR - Timeout esperando respuesta de AHK
2026-05-29 15:31:55,753 - ERROR - No se pudo obtener el ID
2026-05-29 15:31:55,753 - ERROR - Procesamiento falló
2026-05-29 15:31:55,754 - INFO - Deteniendo procesos AHK...
2026-05-29 15:31:55,779 - INFO - AutoHotkey detenido correctamente
2026-05-29 15:31:55,806 - INFO - AutoHotkey (writer) detenido correctamente
2026-05-29 15:31:55,820 - INFO - AutoHotkey (click down) detenido correctamente
2026-05-29 15:31:55,837 - INFO - AutoHotkey detenido correctamente
2026-05-29 15:31:56,838 - ERROR - ❌ Programa 1 falló o no encontró ID
2026-05-29 15:31:56,862 - INFO - ============================================================
2026-05-29 15:31:56,862 - INFO - INICIANDO PROGRAMA 1 - PROCESADOR CSV
2026-05-29 15:31:56,862 - INFO - ============================================================
2026-05-29 15:31:57,366 - INFO - CSV cargado correctamente: 110 registros
2026-05-29 15:31:57,369 - INFO - CSV cargado correctamente: 110 registros
2026-05-29 15:31:57,369 - INFO - Iniciando procesos AHK...
2026-05-29 15:32:00,399 - INFO - AutoHotkey iniciado correctamente
2026-05-29 15:32:03,432 - INFO - AutoHotkey (writer) iniciado correctamente
2026-05-29 15:32:05,464 - INFO - AutoHotkey (click down) iniciado correctamente
2026-05-29 15:32:06,508 - INFO - AutoHotkey iniciado correctamente
2026-05-29 15:32:06,509 - INFO - Iniciando procesamiento de registro...
2026-05-29 15:32:06,509 - INFO - Paso 1: Click en (83, 266)
2026-05-29 15:32:08,128 - INFO - Paso 2: Presionando ENTER
2026-05-29 15:32:08,131 - INFO - Comando enviado a AHK: Presionar Enter 1 veces
2026-05-29 15:32:08,132 - INFO - Paso 2.1: Click en (168, 188)
2026-05-29 15:32:09,739 - INFO - Paso 3: Obteniendo ID con AHKManager en (1483, 519)
2026-05-29 15:32:09,745 - INFO - Comando enviado a AHK: 1483,519
2026-05-29 15:32:19,815 - ERROR - Timeout esperando respuesta de AHK
2026-05-29 15:32:19,816 - ERROR - No se pudo obtener el ID
2026-05-29 15:32:19,817 - ERROR - Procesamiento falló
2026-05-29 15:32:19,818 - INFO - Deteniendo procesos AHK...
2026-05-29 15:32:19,845 - INFO - AutoHotkey detenido correctamente
2026-05-29 15:32:19,870 - INFO - AutoHotkey (writer) detenido correctamente
2026-05-29 15:32:19,897 - INFO - AutoHotkey (click down) detenido correctamente
2026-05-29 15:32:19,920 - INFO - AutoHotkey detenido correctamente
2026-05-29 15:32:20,923 - ERROR - ❌ Programa 1 falló o no encontró ID
2026-05-29 15:32:20,946 - INFO - ============================================================
2026-05-29 15:32:20,946 - INFO - INICIANDO PROGRAMA 1 - PROCESADOR CSV
2026-05-29 15:32:20,947 - INFO - ============================================================
2026-05-29 15:32:21,458 - INFO - CSV cargado correctamente: 110 registros
2026-05-29 15:32:21,468 - INFO - CSV cargado correctamente: 110 registros
2026-05-29 15:32:21,469 - INFO - Iniciando procesos AHK...
2026-05-29 15:32:24,500 - INFO - AutoHotkey iniciado correctamente
2026-05-29 15:32:27,538 - INFO - AutoHotkey (writer) iniciado correctamente
2026-05-29 15:32:29,577 - INFO - AutoHotkey (click down) iniciado correctamente
2026-05-29 15:32:30,608 - INFO - AutoHotkey iniciado correctamente
2026-05-29 15:32:30,609 - INFO - Iniciando procesamiento de registro...
2026-05-29 15:32:30,610 - INFO - Paso 1: Click en (83, 266)
2026-05-29 15:32:32,218 - INFO - Paso 2: Presionando ENTER
2026-05-29 15:32:32,221 - INFO - Comando enviado a AHK: Presionar Enter 1 veces
2026-05-29 15:32:32,222 - INFO - Paso 2.1: Click en (168, 188)
2026-05-29 15:32:33,825 - INFO - Paso 3: Obteniendo ID con AHKManager en (1483, 519)
2026-05-29 15:32:33,831 - INFO - Comando enviado a AHK: 1483,519
2026-05-29 15:32:43,882 - ERROR - Timeout esperando respuesta de AHK
2026-05-29 15:32:43,883 - ERROR - No se pudo obtener el ID
2026-05-29 15:32:43,884 - ERROR - Procesamiento falló
2026-05-29 15:32:43,884 - INFO - Deteniendo procesos AHK...
2026-05-29 15:32:43,911 - INFO - AutoHotkey detenido correctamente
2026-05-29 15:32:43,926 - INFO - AutoHotkey (writer) detenido correctamente
2026-05-29 15:32:43,941 - INFO - AutoHotkey (click down) detenido correctamente
2026-05-29 15:32:43,951 - INFO - AutoHotkey detenido correctamente
2026-05-29 15:32:44,952 - ERROR - ❌ Programa 1 falló o no encontró ID
2026-05-29 15:32:44,971 - INFO - ============================================================
2026-05-29 15:32:44,971 - INFO - INICIANDO PROGRAMA 1 - PROCESADOR CSV
2026-05-29 15:32:44,972 - INFO - ============================================================
2026-05-29 15:32:45,483 - INFO - CSV cargado correctamente: 110 registros
2026-05-29 15:32:45,495 - INFO - CSV cargado correctamente: 110 registros
2026-05-29 15:32:45,496 - INFO - Iniciando procesos AHK...
2026-05-29 15:32:47,311 - INFO - AutoHotkey detenido correctamente
2026-05-29 15:32:48,517 - INFO - AutoHotkey iniciado correctamente
2026-05-29 15:32:51,542 - INFO - AutoHotkey (writer) iniciado correctamente
2026-05-29 15:32:53,574 - INFO - AutoHotkey (click down) iniciado correctamente
2026-05-29 15:32:54,604 - INFO - AutoHotkey iniciado correctamente
2026-05-29 15:32:54,605 - INFO - Iniciando procesamiento de registro...
2026-05-29 15:32:54,606 - INFO - Paso 1: Click en (83, 266)
2026-05-29 15:32:55,416 - ERROR - Procesamiento falló
2026-05-29 15:32:55,417 - INFO - Deteniendo procesos AHK...
2026-05-29 15:32:55,445 - INFO - AutoHotkey detenido correctamente
2026-05-29 15:32:55,469 - INFO - AutoHotkey (writer) detenido correctamente
2026-05-29 15:32:55,495 - INFO - AutoHotkey (click down) detenido correctamente
2026-05-29 15:32:55,508 - INFO - AutoHotkey detenido correctamente
2026-05-29 15:32:56,509 - ERROR - ❌ Programa 1 falló o no encontró ID
2026-05-29 15:32:56,531 - INFO - AutoHotkey detenido correctamente
