2025-12-24 13:56:06,267 - INFO - CSV cargado correctamente: 349 registros
2025-12-24 13:56:06,282 - INFO - CSV cargado correctamente: 349 registros
2025-12-24 13:56:06,283 - INFO - Iniciando procesos AHK...
2025-12-24 13:56:09,926 - INFO - AutoHotkey iniciado correctamente
2025-12-24 13:56:13,077 - INFO - AutoHotkey (writer) iniciado correctamente
2025-12-24 13:56:15,249 - INFO - AutoHotkey (click down) iniciado correctamente
2025-12-24 13:56:17,394 - INFO - AutoHotkey iniciado correctamente
2025-12-24 13:56:17,395 - INFO - Iniciando procesamiento de registro...
2025-12-24 13:56:17,396 - INFO - Paso 1: Click en (83, 266)
2025-12-24 13:56:18,506 - INFO - Paso 2.1: Click en (168, 188)
2025-12-24 13:56:19,114 - INFO - Paso 3: Obteniendo ID con AHKManager en (1483, 519)
2025-12-24 13:56:19,155 - INFO - Comando enviado a AHK: 1526,646
2025-12-24 13:56:19,561 - INFO - Valor copiado: None
2025-12-24 13:56:19,562 - ERROR - No se pudo obtener el ID
2025-12-24 13:56:19,564 - ERROR - Procesamiento falló
2025-12-24 13:56:19,565 - INFO - Deteniendo procesos AHK...
2025-12-24 13:56:19,590 - INFO - AutoHotkey detenido correctamente
2025-12-24 13:56:19,612 - INFO - AutoHotkey (writer) detenido correctamente
2025-12-24 13:56:19,635 - INFO - AutoHotkey (click down) detenido correctamente
2025-12-24 13:56:19,651 - INFO - AutoHotkey detenido correctamente
2025-12-24 13:56:21,739 - INFO - CSV cargado correctamente: 349 registros
2025-12-24 13:56:21,752 - INFO - CSV cargado correctamente: 349 registros
2025-12-24 13:56:21,753 - INFO - Iniciando procesos AHK...
2025-12-24 13:56:25,404 - INFO - AutoHotkey iniciado correctamente
2025-12-24 13:56:28,564 - INFO - AutoHotkey (writer) iniciado correctamente
2025-12-24 13:56:30,726 - INFO - AutoHotkey (click down) iniciado correctamente
2025-12-24 13:56:32,886 - INFO - AutoHotkey iniciado correctamente
2025-12-24 13:56:32,888 - INFO - Iniciando procesamiento de registro...
2025-12-24 13:56:32,889 - INFO - Paso 1: Click en (83, 266)
2025-12-24 13:56:33,993 - INFO - Paso 2.1: Click en (168, 188)
2025-12-24 13:56:34,597 - INFO - Paso 3: Obteniendo ID con AHKManager en (1483, 519)
2025-12-24 13:56:34,611 - INFO - Comando enviado a AHK: 1526,646
2025-12-24 13:56:36,033 - INFO - Valor copiado: 
2025-12-24 13:56:36,035 - ERROR - No se pudo obtener el ID
2025-12-24 13:56:36,036 - ERROR - Procesamiento falló
2025-12-24 13:56:36,037 - INFO - Deteniendo procesos AHK...
2025-12-24 13:56:36,059 - INFO - AutoHotkey detenido correctamente
2025-12-24 13:56:36,087 - INFO - AutoHotkey (writer) detenido correctamente
2025-12-24 13:56:36,113 - INFO - AutoHotkey (click down) detenido correctamente
2025-12-24 13:56:36,130 - INFO - AutoHotkey detenido correctamente
2025-12-24 13:56:38,228 - INFO - CSV cargado correctamente: 349 registros
2025-12-24 13:56:38,240 - INFO - CSV cargado correctamente: 349 registros
2025-12-24 13:56:38,241 - INFO - Iniciando procesos AHK...
2025-12-24 13:56:41,895 - INFO - AutoHotkey iniciado correctamente
2025-12-24 13:56:45,030 - INFO - AutoHotkey (writer) iniciado correctamente
2025-12-24 13:56:47,184 - INFO - AutoHotkey (click down) iniciado correctamente
2025-12-24 13:56:49,335 - INFO - AutoHotkey iniciado correctamente
2025-12-24 13:56:49,336 - INFO - Iniciando procesamiento de registro...
2025-12-24 13:56:49,337 - INFO - Paso 1: Click en (83, 266)
2025-12-24 13:56:50,454 - INFO - Paso 2.1: Click en (168, 188)
2025-12-24 13:56:51,058 - INFO - Paso 3: Obteniendo ID con AHKManager en (1483, 519)
2025-12-24 13:56:51,064 - INFO - Comando enviado a AHK: 1526,646
2025-12-24 13:57:01,141 - ERROR - Timeout esperando respuesta de AHK
2025-12-24 13:57:01,142 - ERROR - No se pudo obtener el ID
2025-12-24 13:57:01,143 - ERROR - Procesamiento falló
2025-12-24 13:57:01,144 - INFO - Deteniendo procesos AHK...
2025-12-24 13:57:01,180 - INFO - AutoHotkey detenido correctamente
2025-12-24 13:57:01,195 - INFO - AutoHotkey (writer) detenido correctamente
2025-12-24 13:57:01,207 - INFO - AutoHotkey (click down) detenido correctamente
2025-12-24 13:57:01,222 - INFO - AutoHotkey detenido correctamente
2025-12-24 13:57:03,307 - INFO - CSV cargado correctamente: 349 registros
2025-12-24 13:57:03,320 - INFO - CSV cargado correctamente: 349 registros
2025-12-24 13:57:03,321 - INFO - Iniciando procesos AHK...
2025-12-24 13:57:06,966 - INFO - AutoHotkey iniciado correctamente
2025-12-24 13:57:10,113 - INFO - AutoHotkey (writer) iniciado correctamente
2025-12-24 13:57:12,279 - INFO - AutoHotkey (click down) iniciado correctamente
2025-12-24 13:57:14,437 - INFO - AutoHotkey iniciado correctamente
2025-12-24 13:57:14,438 - INFO - Iniciando procesamiento de registro...
2025-12-24 13:57:14,439 - INFO - Paso 1: Click en (83, 266)
2025-12-24 13:57:15,542 - INFO - Paso 2.1: Click en (168, 188)
2025-12-24 13:57:16,146 - INFO - Paso 3: Obteniendo ID con AHKManager en (1483, 519)
2025-12-24 13:57:16,187 - INFO - Comando enviado a AHK: 1526,646
2025-12-24 13:57:16,594 - INFO - Valor copiado: None
2025-12-24 13:57:16,596 - ERROR - No se pudo obtener el ID
2025-12-24 13:57:16,597 - ERROR - Procesamiento falló
2025-12-24 13:57:16,598 - INFO - Deteniendo procesos AHK...
2025-12-24 13:57:16,623 - INFO - AutoHotkey detenido correctamente
2025-12-24 13:57:16,636 - INFO - AutoHotkey (writer) detenido correctamente
2025-12-24 13:57:16,651 - INFO - AutoHotkey (click down) detenido correctamente
2025-12-24 13:57:16,666 - INFO - AutoHotkey detenido correctamente
2025-12-24 13:57:18,758 - INFO - CSV cargado correctamente: 349 registros
2025-12-24 13:57:18,771 - INFO - CSV cargado correctamente: 349 registros
2025-12-24 13:57:18,772 - INFO - Iniciando procesos AHK...
2025-12-24 13:57:22,424 - INFO - AutoHotkey iniciado correctamente
2025-12-24 13:57:25,564 - INFO - AutoHotkey (writer) iniciado correctamente
2025-12-24 13:57:27,692 - INFO - AutoHotkey (click down) iniciado correctamente
2025-12-24 13:57:29,846 - INFO - AutoHotkey iniciado correctamente
2025-12-24 13:57:29,848 - INFO - Iniciando procesamiento de registro...
2025-12-24 13:57:29,849 - INFO - Paso 1: Click en (83, 266)
2025-12-24 13:57:29,966 - ERROR - Procesamiento falló
2025-12-24 13:57:29,966 - INFO - Deteniendo procesos AHK...
2025-12-24 13:57:29,977 - INFO - AutoHotkey detenido correctamente
2025-12-24 13:57:29,986 - INFO - AutoHotkey (writer) detenido correctamente
2025-12-24 13:57:29,994 - INFO - AutoHotkey (click down) detenido correctamente
2025-12-24 13:57:30,002 - INFO - AutoHotkey detenido correctamente
